"../../../Engine/Content/Functions/Engine_MaterialFunctions01/Opacity/CameraDepthFade.uasset" 0
"../../../Engine/Content/EngineMaterials/T_Default_Material_Grid_M.uasset" 1
"../../../Engine/Content/EngineMaterials/T_Default_Material_Grid_N.uasset" 2
"../../../Engine/Content/EngineMaterials/WorldGridMaterial.uasset" 3
"../../../Engine/Content/ArtTools/RenderToTexture/Meshes/S_1_Unit_Plane.uasset" 4
"../../../Engine/Content/EngineMaterials/DefaultMaterial.uasset" 5
"../../../Engine/Content/BasicShapes/Cone.uasset" 6
"../../../Engine/Content/BasicShapes/Cylinder.uasset" 7
"../../../Engine/Content/EditorLandscapeResources/DataLayer.uasset" 8
"../../../Engine/Content/EditorMaterials/GizmoMaterial.uasset" 9
"../../../Engine/Content/EditorMaterials/MAT_Groups_Toggle.uasset" 10
"../../../Engine/Content/EditorMaterials/MAT_Groups_Visibility.uasset" 11
"../../../Engine/Content/EditorMaterials/PreviewShadowIndicator.uasset" 12
"../../../Engine/Content/EditorMaterials/PreviewShadowIndicatorMaterial.uasset" 13
"../../../Engine/Content/EditorMaterials/MatineeGroups/MAT_ColorTrack.uasset" 14
"../../../Engine/Content/EditorMaterials/MatineeGroups/MAT_Groups_Anim.uasset" 15
"../../../Engine/Content/EditorMaterials/MatineeGroups/MAT_Groups_AudioMaster.uasset" 16
"../../../Engine/Content/EditorMaterials/MatineeGroups/MAT_Groups_Director.uasset" 17
"../../../Engine/Content/EditorMaterials/MatineeGroups/MAT_Groups_Event.uasset" 18
"../../../Engine/Content/EditorMaterials/MatineeGroups/MAT_Groups_Fade.uasset" 19
"../../../Engine/Content/EditorMaterials/MatineeGroups/MAT_Groups_Float.uasset" 20
"../../../Engine/Content/EditorMaterials/MatineeGroups/MAT_Groups_Move.uasset" 21
"../../../Engine/Content/EditorMaterials/MatineeGroups/MAT_Groups_Slomo.uasset" 22
"../../../Engine/Content/EditorMaterials/MatineeGroups/MAT_Groups_Sound.uasset" 23
"../../../Engine/Content/EditorMaterials/MatineeGroups/MAT_Groups_Vector.uasset" 24
"../../../Engine/Content/EditorMaterials/ParticleSystems/PSysThumbnail_NoImage.uasset" 25
"../../../Engine/Content/EditorMaterials/ParticleSystems/PSysThumbnail_OOD.uasset" 26
"../../../Engine/Content/EditorMaterials/Camera/CineMat.uasset" 27
"../../../Engine/Content/EditorMaterials/Camera/MI_CineMat_Rig.uasset" 28
"../../../Engine/Content/EditorMeshes/Camera/SM_CraneRig_Arm.uasset" 29
"../../../Engine/Content/EditorMeshes/Camera/SM_CraneRig_Base.uasset" 30
"../../../Engine/Content/EditorMeshes/Camera/SM_CraneRig_Body.uasset" 31
"../../../Engine/Content/EditorMeshes/Camera/SM_CraneRig_Mount.uasset" 32
"../../../Engine/Content/EditorMeshes/Camera/SM_RailRig_Mount.uasset" 33
"../../../Engine/Content/EditorMeshes/Camera/SM_RailRig_Track.uasset" 34
"../../../Engine/Content/EditorResources/BSPVertex.uasset" 35
"../../../Engine/Content/EditorResources/EmptyActor.uasset" 36
"../../../Engine/Content/EditorResources/S_Actor.uasset" 37
"../../../Engine/Content/EditorResources/S_Trigger.uasset" 38
"../../../Engine/Content/EditorResources/SequenceRecorder/Countdown.uasset" 39
"../../../Engine/Content/EditorResources/SequenceRecorder/RecordingIndicator.uasset" 40
"../../../Engine/Content/EditorSounds/Notifications/CompileFailed.uasset" 41
"../../../Engine/Content/EditorSounds/Notifications/CompileFailed_Cue.uasset" 42
"../../../Engine/Content/EditorSounds/Notifications/CompileSuccess.uasset" 43
"../../../Engine/Content/EditorSounds/Notifications/CompileStart_Cue.uasset" 44
"../../../Engine/Content/EditorSounds/Notifications/CompileSuccess_Cue.uasset" 45
"../../../Engine/Content/EngineDamageTypes/DmgTypeBP_Environmental.uasset" 46
"../../../Engine/Content/EngineDebugMaterials/HeatmapGradient.uasset" 47
"../../../Engine/Content/EngineDebugMaterials/BoneWeightMaterial.uasset" 48
"../../../Engine/Content/EngineDebugMaterials/ClothMaterial.uasset" 49
"../../../Engine/Content/EngineDebugMaterials/ClothMaterial_WF.uasset" 50
"../../../Engine/Content/EngineDebugMaterials/DebugEditorMaterial.uasset" 51
"../../../Engine/Content/EngineDebugMaterials/DebugMeshMaterial.uasset" 52
"../../../Engine/Content/EngineDebugMaterials/GeomMaterial.uasset" 53
"../../../Engine/Content/EngineDebugMaterials/M_SimpleTranslucent.uasset" 54
"../../../Engine/Content/EngineFonts/Faces/RobotoBold.uasset" 55
"../../../Engine/Content/EngineFonts/Faces/RobotoBoldItalic.uasset" 56
"../../../Engine/Content/EngineFonts/Faces/RobotoItalic.uasset" 57
"../../../Engine/Content/EngineFonts/Faces/RobotoLight.uasset" 58
"../../../Engine/Content/EngineFonts/Faces/RobotoRegular.uasset" 59
"../../../Engine/Content/EngineFonts/Roboto.uasset" 60
"../../../Engine/Content/EngineFonts/Faces/RobotoTiny.uasset" 61
"../../../Engine/Content/EngineFonts/RobotoTiny.uasset" 62
"../../../Engine/Content/EngineMaterials/BaseFlattenDiffuseMap.uasset" 63
"../../../Engine/Content/EngineMaterials/BaseFlattenEmissiveMap.uasset" 64
"../../../Engine/Content/EngineMaterials/BaseFlattenGrayscaleMap.uasset" 65
"../../../Engine/Content/EngineMaterials/BaseFlattenNormalMap.uasset" 66
"../../../Engine/Content/EngineMaterials/BaseFlattenMaterial.uasset" 67
"../../../Engine/Content/EngineMaterials/DefaultBloomKernel.uasset" 68
"../../../Engine/Content/EngineMaterials/DefaultBokeh.uasset" 69
"../../../Engine/Content/EngineMaterials/DefaultDiffuse.uasset" 70
"../../../Engine/Content/EngineMaterials/DefaultDeferredDecalMaterial.uasset" 71
"../../../Engine/Content/EngineMaterials/DefaultLightFunctionMaterial.uasset" 72
"../../../Engine/Content/EngineMaterials/DefaultPhysicalMaterial.uasset" 73
"../../../Engine/Content/Functions/Engine_MaterialFunctions02/Utility/BreakOutFloat2Components.uasset" 74
"../../../Engine/Content/EngineMaterials/DefaultPostProcessMaterial.uasset" 75
"../../../Engine/Content/EngineFonts/RobotoDistanceField.uasset" 76
"../../../Engine/Content/EngineMaterials/DefaultTextMaterialOpaque.uasset" 77
"../../../Engine/Content/EngineMaterials/DefaultWhiteGrid.uasset" 78
"../../../Engine/Content/EngineMaterials/EditorBrushMaterial.uasset" 79
"../../../Engine/Content/EngineMaterials/Good64x64TilingNoiseHighFreq.uasset" 80
"../../../Engine/Content/EngineMaterials/MiniFont.uasset" 81
"../../../Engine/Content/EngineMaterials/InvalidLightmapSettings.uasset" 82
"../../../Engine/Content/EngineMaterials/M_InvalidLightmapSettings.uasset" 83
"../../../Engine/Content/Functions/Engine_MaterialFunctions02/WorldPositionOffset/CameraOffset.uasset" 84
"../../../Engine/Content/EngineMaterials/PhAT_JointLimitMaterial.uasset" 85
"../../../Engine/Content/EngineMaterials/PreintegratedSkinBRDF.uasset" 86
"../../../Engine/Content/EngineMaterials/RemoveSurfaceMaterial.uasset" 87
"../../../Engine/Content/EngineMaterials/WeightMapPlaceholderTexture.uasset" 88
"../../../Engine/Content/EngineResources/WhiteSquareTexture.uasset" 89
"../../../Engine/Content/EngineMaterials/Widget3DPassThrough.uasset" 90
"../../../Engine/Content/EngineMaterials/Widget3DPassThrough_Masked.uasset" 91
"../../../Engine/Content/EngineMaterials/Widget3DPassThrough_Opaque.uasset" 92
"../../../Engine/Content/EngineMaterials/Widget3DPassThrough_Masked_OneSided.uasset" 93
"../../../Engine/Content/EngineMaterials/Widget3DPassThrough_Opaque_OneSided.uasset" 94
"../../../Engine/Content/EngineMaterials/Widget3DPassThrough_Translucent.uasset" 95
"../../../Engine/Content/EngineMaterials/Widget3DPassThrough_Translucent_OneSided.uasset" 96
"../../../Engine/Content/EngineMeshes/Cylinder.uasset" 97
"../../../Engine/Content/EngineMeshes/Sphere.uasset" 98
"../../../Engine/Content/EngineResources/Black.uasset" 99
"../../../Engine/Content/EngineResources/DefaultTexture.uasset" 100
"../../../Engine/Content/EngineResources/DefaultTextureCube.uasset" 101
"../../../Engine/Content/EngineResources/DefaultVolumeTexture2D.uasset" 102
"../../../Engine/Content/EngineResources/DefaultVolumeTexture.uasset" 103
"../../../Engine/Content/EngineResources/GradientTexture0.uasset" 104
"../../../Engine/Content/EngineSounds/Master.uasset" 105
"../../../Engine/Content/Functions/Engine_MaterialFunctions01/Shading/ConvertFromDiffSpec.uasset" 106
"../../../Engine/Content/Functions/Engine_MaterialFunctions01/Shading/PowerToRoughness.uasset" 107
"../../../Engine/Content/Maps/Templates/Thumbnails/Default.uasset" 108
"../../../Engine/Content/Maps/Templates/Thumbnails/VR-Basic.uasset" 109
"../../../Engine/Content/MobileResources/T_MobileControls_texture.uasset" 110
"../../../Engine/Content/MobileResources/T_MobileMenu2.uasset" 111
"../../../Engine/Content/MobileResources/HUD/AnalogHat.uasset" 112
"../../../Engine/Content/MobileResources/HUD/VirtualJoystick_Background.uasset" 113
"../../../Engine/Content/MobileResources/HUD/VirtualJoystick_Thumb.uasset" 114
"../../../Engine/Content/MobileResources/HUD/DefaultVirtualJoysticks.uasset" 115
"../../../Engine/Content/MobileResources/HUD/LeftVirtualJoystickOnly.uasset" 116
"../../../Engine/Content/MobileResources/HUD/MobileHUDButton1_off.uasset" 117
"../../../Engine/Content/MobileResources/HUD/MobileHUDButton1_on.uasset" 118
"../../../Engine/Content/MobileResources/HUD/MobileHUDButton2_off.uasset" 119
"../../../Engine/Content/MobileResources/HUD/MobileHUDButton2_on.uasset" 120
"../../../Engine/Content/MobileResources/HUD/MobileHUDButton3.uasset" 121
"../../../Engine/Content/MobileResources/HUD/MobileHUDButtonFire.uasset" 122
"../../../Engine/Content/MobileResources/HUD/MobileHUDDirectionPad.uasset" 123
"../../../Engine/Content/MobileResources/HUD/MobileHUDDirectionPad2.uasset" 124
"../../../Engine/Content/MobileResources/HUD/MobileHUDDirectionPad3.uasset" 125
"../../../Engine/Content/MobileResources/HUD/MobileHUDDirectionStick.uasset" 126
"../../../Engine/Content/MobileResources/HUD/T_Castle_ThumbstickInner.uasset" 127
"../../../Engine/Content/MobileResources/HUD/T_Castle_ThumbstickOutter.uasset" 128
"../../../Engine/Content/Tutorial/ContentIntroCurve.uasset" 129
"../../../Engine/Content/Tutorial/Basics/TutorialAssets/icon_tab_Levels_40x.uasset" 130
"../../../Engine/Content/VREditor/Sounds/VR_click2.uasset" 131
"../../../Engine/Content/VREditor/LaserPointer/VR_LaserPower_01.uasset" 132
"../../../Engine/Content/VREditor/TransformGizmo/TransformGizmoMaterial.uasset" 133
"../../../Engine/Content/VREditor/TransformGizmo/TranslucentTransformGizmoMaterial.uasset" 134
"../../../Engine/Content/VREditor/TransformGizmo/BoundingBoxCorner.uasset" 135
"../../../Engine/Content/VREditor/TransformGizmo/BoundingBoxEdge.uasset" 136
"../../../Engine/Content/VREditor/TransformGizmo/PlaneTranslationHandle.uasset" 137
"../../../Engine/Content/VREditor/TransformGizmo/Main.uasset" 138
"../../../Engine/Content/VREditor/TransformGizmo/Xray.uasset" 139
"../../../Engine/Content/VREditor/TransformGizmo/SM_Sequencer_Key.uasset" 140
"../../../Engine/Content/VREditor/TransformGizmo/SM_Sequencer_Node.uasset" 141
"../../Plugins/2D/Paper2D/Content/PlaceholderTextures/DummySpriteTexture.uasset" 142
"../../Plugins/2D/Paper2D/Content/DummySprite.uasset" 143
"../../Plugins/2D/Paper2D/Content/DefaultPaperTerrainMaterial.uasset" 144
"../../Plugins/2D/Paper2D/Content/DefaultSpriteMaterial.uasset" 145
"../../Plugins/2D/Paper2D/Content/MaskedUnlitSpriteMaterial.uasset" 146
"../../Plugins/2D/Paper2D/Content/OpaqueUnlitSpriteMaterial.uasset" 147
"../../Plugins/Runtime/Oculus/OculusVR/Content/Materials/PokeAHoleMaterial.uasset" 148
"../../Plugins/Runtime/Oculus/OculusVR/Content/Textures/GearVRController_AO.uasset" 149
"../../Plugins/Runtime/Oculus/OculusVR/Content/Textures/GearVRController_Color.uasset" 150
"../../Plugins/Runtime/Oculus/OculusVR/Content/Textures/GearVRController_Normal.uasset" 151
"../../Plugins/Runtime/Oculus/OculusVR/Content/Materials/GearVRControllerMaterial.uasset" 152
"../../Plugins/Runtime/Oculus/OculusVR/Content/Meshes/GearVrController.uasset" 153
"../../Plugins/Runtime/Oculus/OculusVR/Content/Textures/touchController_albedo.uasset" 154
"../../Plugins/Runtime/Oculus/OculusVR/Content/Textures/touchController_controlmap.uasset" 155
"../../Plugins/Runtime/Oculus/OculusVR/Content/Materials/touchController_mat.uasset" 156
"../../Plugins/Runtime/Oculus/OculusVR/Content/Meshes/LeftTouchController.uasset" 157
"../../Plugins/Runtime/Oculus/OculusVR/Content/Meshes/RiftHMD.uasset" 158
"../../Plugins/Runtime/Oculus/OculusVR/Content/Meshes/RightTouchController.uasset" 159
"../../../../../../Users/sphynx/Desktop/Sphynx's Aim World II/Plugins/CustomMapTools/Content/Materials/M_EditorMesh.uasset" 160
"../../../../../../Users/sphynx/Desktop/Sphynx's Aim World II/Plugins/CustomMapTools/Content/Meshes/SM_Bomb_Plant_01.uasset" 161
"../../../../../../Users/sphynx/Desktop/Sphynx's Aim World II/Content/CustomMaps/UGC2842012712/Blueprints/BT_PavlovPawn.uasset" 162
"../../../Engine/Content/EditorBlueprintResources/StandardMacros.uasset" 163
"../../../Engine/Content/Tutorial/BlueprintTutorials/TutorialAssets/Tutorial_BP_Interface.uasset" 164
"../../../Engine/Content/EditorBlueprintResources/ActorMacros.uasset" 165
"../../../../../../Users/sphynx/Desktop/Sphynx's Aim World II/Content/CustomMaps/UGC2842012712/Blueprints/DebugText.uasset" 166
"../../../../../../Users/sphynx/Desktop/Sphynx's Aim World II/Content/CustomMaps/UGC2842012712/Blueprints/Global/Interfaces/BPI_UIInterface.uasset" 167
"../../../../../../Users/sphynx/Desktop/Sphynx's Aim World II/Content/CustomMaps/UGC2842012712/Blueprints/Global/Interfaces/BPI_HitScan.uasset" 168
"../../../../../../Users/sphynx/Desktop/Sphynx's Aim World II/Content/CustomMaps/UGC2842012712/Materials/M_Colors.uasset" 169
"../../../../../../Users/sphynx/Desktop/Sphynx's Aim World II/Content/CustomMaps/UGC2842012712/Materials/PM_ForceNone.uasset" 170
"../../../../../../Users/sphynx/Desktop/Sphynx's Aim World II/Content/CustomMaps/UGC2842012712/Materials/M_Green.uasset" 171
"../../../Engine/Content/BasicShapes/Sphere.uasset" 172
"../../../../../../Users/sphynx/Desktop/Sphynx's Aim World II/Content/CustomMaps/UGC2842012712/Blueprints/Practices/Indicator.uasset" 173
"../../../../../../Users/sphynx/Desktop/Sphynx's Aim World II/Content/CustomMaps/UGC2842012712/Materials/M_Red.uasset" 174
"../../../../../../Users/sphynx/Desktop/Sphynx's Aim World II/Content/CustomMaps/UGC2842012712/Blueprints/Practices/Indicator1.uasset" 175
"../../../../../../Users/sphynx/Desktop/Sphynx's Aim World II/Content/CustomMaps/UGC2842012712/Blueprints/Global/Enums/MovementState.uasset" 176
"../../../../../../Users/sphynx/Desktop/Sphynx's Aim World II/Content/CustomMaps/UGC2842012712/Blueprints/Practices/TargetMovementController.uasset" 177
"../../../../../../Users/sphynx/Desktop/Sphynx's Aim World II/Content/CustomMaps/UGC2842012712/Blueprints/Global/Structs/TargetPrarameter.uasset" 178
"../../../../../../Users/sphynx/Desktop/Sphynx's Aim World II/Content/CustomMaps/UGC2842012712/Materials/M_Blue.uasset" 179
"../../../Engine/Content/BasicShapes/Cube.uasset" 180
"../../../../../../Users/sphynx/Desktop/Sphynx's Aim World II/Content/CustomMaps/UGC2842012712/Blueprints/Global/Enums/TargetState.uasset" 181
"../../../../../../Users/sphynx/Desktop/Sphynx's Aim World II/Content/CustomMaps/UGC2842012712/Props/body.uasset" 182
"../../../../../../Users/sphynx/Desktop/Sphynx's Aim World II/Content/CustomMaps/UGC2842012712/Props/Sphere.uasset" 183
"../../../../../../Users/sphynx/Desktop/Sphynx's Aim World II/Content/CustomMaps/UGC2842012712/Blueprints/Practices/TargetTemplate.uasset" 184
"../../../../../../Users/sphynx/Desktop/Sphynx's Aim World II/Content/CustomMaps/UGC2842012712/Materials/Lazer.uasset" 185
"../../../../../../Users/sphynx/Desktop/Sphynx's Aim World II/Content/CustomMaps/UGC2842012712/Props/Lazer.uasset" 186
"../../../../../../Users/sphynx/Desktop/Sphynx's Aim World II/Content/CustomMaps/UGC2842012712/Blueprints/lazer.uasset" 187
"../../../../../../Users/sphynx/Desktop/Sphynx's Aim World II/Content/CustomMaps/UGC2842012712/Sounds/Camera_Shutter2.uasset" 188
"../../../../../../Users/sphynx/Desktop/Sphynx's Aim World II/Content/CustomMaps/UGC2842012712/Sounds/Gizmo_Handle_Clicked2.uasset" 189
"../../../../../../Users/sphynx/Desktop/Sphynx's Aim World II/Content/CustomMaps/UGC2842012712/Blueprints/WidgetMenu/PracticeWidgetTemplate.uasset" 190
"../../../../../../Users/sphynx/Desktop/Sphynx's Aim World II/Content/CustomMaps/UGC2842012712/Blueprints/WidgetMenu/CategoryWidgetTemplate.uasset" 191
"../../../Engine/Content/VREditor/Sounds/VR_click2_Cue.uasset" 192
"../../../../../../Users/sphynx/Desktop/Sphynx's Aim World II/Content/CustomMaps/UGC2842012712/Blueprints/Practices/Bots/BotArena/BotArena.uasset" 193
"../../../../../../Users/sphynx/Desktop/Sphynx's Aim World II/Content/CustomMaps/UGC2842012712/Materials/Outline.uasset" 194
"../../../../../../Users/sphynx/Desktop/Sphynx's Aim World II/Content/CustomMaps/UGC2842012712/Materials/DecalFidgetArea.uasset" 195
"../../../../../../Users/sphynx/Desktop/Sphynx's Aim World II/Content/CustomMaps/UGC2842012712/Blueprints/Practices/FidgetPractices/FidgetPracticeTemplate.uasset" 196
"../../../../../../Users/sphynx/Desktop/Sphynx's Aim World II/Content/CustomMaps/UGC2842012712/Materials/DecalTexture.uasset" 197
"../../../../../../Users/sphynx/Desktop/Sphynx's Aim World II/Content/CustomMaps/UGC2842012712/Materials/Decal_Green.uasset" 198
"../../../../../../Users/sphynx/Desktop/Sphynx's Aim World II/Content/CustomMaps/UGC2842012712/Materials/Decal_Green_Inst.uasset" 199
"../../../../../../Users/sphynx/Desktop/Sphynx's Aim World II/Content/CustomMaps/UGC2842012712/Materials/Decal_Orange_Inst.uasset" 200
"../../../../../../Users/sphynx/Desktop/Sphynx's Aim World II/Content/CustomMaps/UGC2842012712/Blueprints/Practices/FidgetPractices/recoilWall/RecoilWall/Decal.uasset" 201
"../../../../../../Users/sphynx/Desktop/Sphynx's Aim World II/Content/CustomMaps/UGC2842012712/Props/Cube.uasset" 202
"../../../../../../Users/sphynx/Desktop/Sphynx's Aim World II/Content/CustomMaps/UGC2842012712/Blueprints/Practices/FidgetPractices/recoilWall/RecoilWall/WallReset.uasset" 203
"../../../../../../Users/sphynx/Desktop/Sphynx's Aim World II/Content/CustomMaps/UGC2842012712/Materials/RecoilWallCamera.uasset" 204
"../../../../../../Users/sphynx/Desktop/Sphynx's Aim World II/Content/CustomMaps/UGC2842012712/Materials/RecoilWallCamera_Mat.uasset" 205
"../../../Engine/Content/BasicShapes/Plane.uasset" 206
"../../../../../../Users/sphynx/Desktop/Sphynx's Aim World II/Content/CustomMaps/UGC2842012712/Blueprints/Practices/FidgetPractices/recoilWall/RecoilWall/RecoilWall.uasset" 207
"../../../../../../Users/sphynx/Desktop/Sphynx's Aim World II/Content/CustomMaps/UGC2842012712/Blueprints/Practices/FidgetPractices/recoilWall/RecoilWallFidget.uasset" 208
"../../../../../../Users/sphynx/Desktop/Sphynx's Aim World II/Content/CustomMaps/UGC2842012712/Blueprints/Practices/FidgetPractices/FidgetTargetTemplate.uasset" 209
"../../../../../../Users/sphynx/Desktop/Sphynx's Aim World II/Content/CustomMaps/UGC2842012712/Blueprints/Practices/FidgetPractices/ValorantFidget/ValorantFidgetTarget.uasset" 210
"../../../../../../Users/sphynx/Desktop/Sphynx's Aim World II/Content/CustomMaps/UGC2842012712/Blueprints/Practices/FidgetPractices/ValorantFidget/ValorantFidgetPractice.uasset" 211
"../../../../../../Users/sphynx/Desktop/Sphynx's Aim World II/Content/CustomMaps/UGC2842012712/Blueprints/WidgetMenu/FidgetPractices.uasset" 212
"../../../../../../Users/sphynx/Desktop/Sphynx's Aim World II/Content/CustomMaps/UGC2842012712/Blueprints/Practices/Gridshot/GridshotTargetTemplate.uasset" 213
"../../../../../../Users/sphynx/Desktop/Sphynx's Aim World II/Content/CustomMaps/UGC2842012712/Blueprints/Practices/Gridshot/Gridshot/GridshotTarget.uasset" 214
"../../../../../../Users/sphynx/Desktop/Sphynx's Aim World II/Content/CustomMaps/UGC2842012712/Blueprints/Practices/Gridshot/GridshotTemplate.uasset" 215
"../../../../../../Users/sphynx/Desktop/Sphynx's Aim World II/Content/CustomMaps/UGC2842012712/Blueprints/Practices/Gridshot/Gridshot/Gridshot.uasset" 216
"../../../../../../Users/sphynx/Desktop/Sphynx's Aim World II/Content/CustomMaps/UGC2842012712/Blueprints/Practices/Gridshot/Multishot/MultishotTarget.uasset" 217
"../../../../../../Users/sphynx/Desktop/Sphynx's Aim World II/Content/CustomMaps/UGC2842012712/Blueprints/Practices/Gridshot/Multishot/Multishot.uasset" 218
"../../../../../../Users/sphynx/Desktop/Sphynx's Aim World II/Content/CustomMaps/UGC2842012712/Blueprints/Practices/Gridshot/Sixshot/SixshotTarget.uasset" 219
"../../../../../../Users/sphynx/Desktop/Sphynx's Aim World II/Content/CustomMaps/UGC2842012712/Blueprints/Practices/Gridshot/Sixshot/Sixshot.uasset" 220
"../../../../../../Users/sphynx/Desktop/Sphynx's Aim World II/Content/CustomMaps/UGC2842012712/Blueprints/Practices/Gridshot/SixshotTrack/SixshotTrackTarget.uasset" 221
"../../../../../../Users/sphynx/Desktop/Sphynx's Aim World II/Content/CustomMaps/UGC2842012712/Blueprints/Practices/Gridshot/SixshotTrack/SixshotTrack.uasset" 222
"../../../../../../Users/sphynx/Desktop/Sphynx's Aim World II/Content/CustomMaps/UGC2842012712/Blueprints/Practices/Gridshot/TileFrenzy/TileFrenzyTarget.uasset" 223
"../../../../../../Users/sphynx/Desktop/Sphynx's Aim World II/Content/CustomMaps/UGC2842012712/Blueprints/Practices/Gridshot/TileFrenzy/TileFrenzy.uasset" 224
"../../../../../../Users/sphynx/Desktop/Sphynx's Aim World II/Content/CustomMaps/UGC2842012712/Blueprints/WidgetMenu/GridshotPractices.uasset" 225
"../../../../../../Users/sphynx/Desktop/Sphynx's Aim World II/Content/CustomMaps/UGC2842012712/Blueprints/Practices/SpiderShot/SpidershotTargetTemplate.uasset" 226
"../../../../../../Users/sphynx/Desktop/Sphynx's Aim World II/Content/CustomMaps/UGC2842012712/Blueprints/Practices/SpiderShot/Microshot/MicroshotTarget.uasset" 227
"../../../../../../Users/sphynx/Desktop/Sphynx's Aim World II/Content/CustomMaps/UGC2842012712/Blueprints/Practices/SpiderShot/SpidershotTemplate.uasset" 228
"../../../../../../Users/sphynx/Desktop/Sphynx's Aim World II/Content/CustomMaps/UGC2842012712/Blueprints/Practices/SpiderShot/Microshot/Microshot.uasset" 229
"../../../../../../Users/sphynx/Desktop/Sphynx's Aim World II/Content/CustomMaps/UGC2842012712/Blueprints/Practices/SpiderShot/Motionshot/MotionshotTarget.uasset" 230
"../../../../../../Users/sphynx/Desktop/Sphynx's Aim World II/Content/CustomMaps/UGC2842012712/Blueprints/Practices/SpiderShot/Motionshot/Motionshot.uasset" 231
"../../../../../../Users/sphynx/Desktop/Sphynx's Aim World II/Content/CustomMaps/UGC2842012712/Blueprints/Practices/SpiderShot/Recoilshot/RecoilshotTarget.uasset" 232
"../../../../../../Users/sphynx/Desktop/Sphynx's Aim World II/Content/CustomMaps/UGC2842012712/Blueprints/Practices/SpiderShot/Recoilshot/Recoilshot.uasset" 233
"../../../../../../Users/sphynx/Desktop/Sphynx's Aim World II/Content/CustomMaps/UGC2842012712/Blueprints/Practices/SpiderShot/Speedershot/Speedershottarget.uasset" 234
"../../../../../../Users/sphynx/Desktop/Sphynx's Aim World II/Content/CustomMaps/UGC2842012712/Blueprints/Practices/SpiderShot/Speedershot/Speedershot.uasset" 235
"../../../../../../Users/sphynx/Desktop/Sphynx's Aim World II/Content/CustomMaps/UGC2842012712/Blueprints/Practices/SpiderShot/SpiderShot/SpidershotTarget.uasset" 236
"../../../../../../Users/sphynx/Desktop/Sphynx's Aim World II/Content/CustomMaps/UGC2842012712/Blueprints/Practices/SpiderShot/SpiderShot/Spidershot.uasset" 237
"../../../../../../Users/sphynx/Desktop/Sphynx's Aim World II/Content/CustomMaps/UGC2842012712/Blueprints/WidgetMenu/SpiderPractices.uasset" 238
"../../../../../../Users/sphynx/Desktop/Sphynx's Aim World II/Content/CustomMaps/UGC2842012712/Blueprints/Practices/Tracking/TrackingTarget.uasset" 239
"../../../../../../Users/sphynx/Desktop/Sphynx's Aim World II/Content/CustomMaps/UGC2842012712/Blueprints/Practices/Tracking/StrafeTrack/StrafeTrackTarget.uasset" 240
"../../../../../../Users/sphynx/Desktop/Sphynx's Aim World II/Content/CustomMaps/UGC2842012712/Blueprints/Practices/Tracking/TrackingTemplate.uasset" 241
"../../../../../../Users/sphynx/Desktop/Sphynx's Aim World II/Content/CustomMaps/UGC2842012712/Blueprints/Practices/Tracking/StrafeTrack/StrafeTrack.uasset" 242
"../../../../../../Users/sphynx/Desktop/Sphynx's Aim World II/Content/CustomMaps/UGC2842012712/Blueprints/Practices/Tracking/SwitchTrack/SwitchtrackTarget.uasset" 243
"../../../../../../Users/sphynx/Desktop/Sphynx's Aim World II/Content/CustomMaps/UGC2842012712/Blueprints/Practices/Tracking/SwitchTrack/SwitchTrack.uasset" 244
"../../../../../../Users/sphynx/Desktop/Sphynx's Aim World II/Content/CustomMaps/UGC2842012712/Blueprints/WidgetMenu/TrackingPractices.uasset" 245
"../../../../../../Users/sphynx/Desktop/Sphynx's Aim World II/Content/CustomMaps/UGC2842012712/Blueprints/WidgetMenu/AimCategories.uasset" 246
"../../../../../../Users/sphynx/Desktop/Sphynx's Aim World II/Content/CustomMaps/UGC2842012712/Blueprints/Practices/Bots/ValorantBots/ValorantBots.uasset" 247
"../../../../../../Users/sphynx/Desktop/Sphynx's Aim World II/Content/CustomMaps/UGC2842012712/Blueprints/WidgetMenu/BotRangePractices.uasset" 248
"../../../../../../Users/sphynx/Desktop/Sphynx's Aim World II/Content/CustomMaps/UGC2842012712/Blueprints/WidgetMenu/BotCategories.uasset" 249
"../../../../../../Users/sphynx/Desktop/Sphynx's Aim World II/Content/CustomMaps/UGC2842012712/Blueprints/WidgetMenu/MainMenu.uasset" 250
"../../../../../../Users/sphynx/Desktop/Sphynx's Aim World II/Content/CustomMaps/UGC2842012712/Blueprints/Global/Interfaces/BPI_UI-Proxy.uasset" 251
"../../../../../../Users/sphynx/Desktop/Sphynx's Aim World II/Content/CustomMaps/UGC2842012712/Props/DummyDebugPattern.uasset" 252
"../../../../../../Users/sphynx/Desktop/Sphynx's Aim World II/Content/CustomMaps/UGC2842012712/Props/Rest.uasset" 253
"../../../../../../Users/sphynx/Desktop/Sphynx's Aim World II/Content/CustomMaps/UGC2842012712/Props/Tip_001.uasset" 254
"../../../../../../Users/sphynx/Desktop/Sphynx's Aim World II/Content/CustomMaps/UGC2842012712/Props/Gun.uasset" 255
"../../../../../../Users/sphynx/Desktop/Sphynx's Aim World II/Content/CustomMaps/UGC2842012712/Blueprints/TestGun.uasset" 256
"../../../../../../Users/sphynx/Desktop/Sphynx's Aim World II/Content/CustomMaps/UGC2842012712/Materials/MI_Lazer_Green.uasset" 257
"../../../../../../Users/sphynx/Desktop/Sphynx's Aim World II/Content/CustomMaps/UGC2842012712/Blueprints/WidgetMenu/WidgetInteractor.uasset" 258
"../../../../../../Users/sphynx/Desktop/Sphynx's Aim World II/Content/CustomMaps/UGC2842012712/Blueprints/WidgetMenu/VrWorldMenu.uasset" 259
"../../../../../../Users/sphynx/Desktop/Sphynx's Aim World II/Content/CustomMaps/UGC2842012712/Blueprints/BP_PlayerProxyExample_1.uasset" 260
"../../../../../../Users/sphynx/Desktop/Sphynx's Aim World II/Content/CustomMaps/UGC2842012712/Props/ScoreBoradOutOfTheWay.uasset" 261
"../../../../../../Users/sphynx/Desktop/Sphynx's Aim World II/Content/CustomMaps/UGC2842012712/Materials/textefficient.uasset" 262
"../../../../../../Users/sphynx/Desktop/Sphynx's Aim World II/Content/CustomMaps/UGC2842012712/Materials/WorldGridMaterialNoDistance.uasset" 263
"../../../../../../Users/sphynx/Desktop/Sphynx's Aim World II/Content/CustomMaps/UGC2842012712/Materials/M_Orange.uasset" 264
"../../../../../../Users/sphynx/Desktop/Sphynx's Aim World II/Content/CustomMaps/UGC2842012712/Blueprints/Global/Enums/PracticeState.uasset" 265
"../../../../../../Users/sphynx/Desktop/Sphynx's Aim World II/Content/CustomMaps/UGC2842012712/Sounds/pop_sound.uasset" 266
"../../../../../../Users/sphynx/Desktop/Sphynx's Aim World II/Content/CustomMaps/UGC2842012712/Sounds/C_popHit.uasset" 267
"../../../../../../Users/sphynx/Desktop/Sphynx's Aim World II/Content/CustomMaps/UGC2842012712/Sounds/Click_on_Button_2.uasset" 268
"../../../../../../Users/sphynx/Desktop/Sphynx's Aim World II/Content/CustomMaps/UGC2842012712/Sounds/Click_on_Button_Cue.uasset" 269
"../../../../../../Users/sphynx/Desktop/Sphynx's Aim World II/Content/CustomMaps/UGC2842012712/Sounds/S_MetalHit.uasset" 270
"../../../../../../Users/sphynx/Desktop/Sphynx's Aim World II/Content/CustomMaps/UGC2842012712/Sounds/MetalHit.uasset" 271
"../../../../../../Users/sphynx/Desktop/Sphynx's Aim World II/Content/CustomMaps/UGC2842012712/Sounds/Selection_Changes_2.uasset" 272
"../../../../../../Users/sphynx/Desktop/Sphynx's Aim World II/Content/CustomMaps/UGC2842012712/Sounds/Tick_Countdown.uasset" 273
"../../../../../../Users/sphynx/Desktop/Sphynx's Aim World II/Content/CustomMaps/UGC2842012712/Blueprints/Practices/PracticeTemplate.uasset" 274
"../../../../../../Users/sphynx/Desktop/Sphynx's Aim World II/Content/Gameplay/BP_PavlovPawn.uasset" 275
"../../../../../../Users/sphynx/Desktop/Sphynx's Aim World II/Content/CustomMaps/UGC2842012712/Blueprints/Practices/Bots/BotTemplate.uasset" 276
"../../../../../../Users/sphynx/Desktop/Sphynx's Aim World II/Plugins/CustomMapTools/Content/Examples/GL_Base.uasset" 277
"../../../../../../Users/sphynx/Desktop/Sphynx's Aim World II/Content/CustomMaps/UGC2842012712/Blueprints/Practices/Bots/BotHandler.uasset" 278
"../../../../../../Users/sphynx/Desktop/Sphynx's Aim World II/Content/CustomMaps/UGC2842012712/GL_Deathmatch.uasset" 279
"../../../Engine/Content/EngineSky/C_Sky_Zenith_Color.uasset" 280
"../../../Engine/Content/EngineSky/T_Sky_Blue.uasset" 281
"../../../Engine/Content/EngineSky/T_Sky_Clouds_M.uasset" 282
"../../../Engine/Content/EngineSky/T_Sky_Stars.uasset" 283
"../../../Engine/Content/EngineSky/M_Sky_Panning_Clouds2.uasset" 284
"../../../Engine/Content/EngineSky/SM_SkySphere.uasset" 285
"../../../Engine/Content/EngineSky/BP_Sky_Sphere.uasset" 286
"../../../../../../Users/sphynx/Desktop/Sphynx's Aim World II/Content/CustomMaps/UGC2842012712/Blueprints/Practices/PracticeController.uasset" 287
"../../../../../../Users/sphynx/Desktop/Sphynx's Aim World II/Content/CustomMaps/UGC2842012712/Untitled_BuiltData.uasset" 288
"../../../../../../Users/sphynx/Desktop/Sphynx's Aim World II/Content/CustomMaps/UGC2842012712/Blueprints/WidgetMenu/Crossair.uasset" 289
"../../../../../../Users/sphynx/Desktop/Sphynx's Aim World II/Content/CustomMaps/UGC2842012712/SPhynx_sAimWorld2thumbnail.uasset" 290
"../../../../../../Users/sphynx/Desktop/Sphynx's Aim World II/Content/CustomMaps/UGC2842012712/definition.uasset" 291
"../../../../../../Users/sphynx/Desktop/Sphynx's Aim World II/Content/CustomMaps/UGC2842012712/Untitled.umap" 292
"../../../Engine/Content/Maps/Entry_BuiltData.uasset" 293
"../../../Engine/Content/Maps/Entry.umap" 294
