Log file open, 06/13/23 17:34:58
LogWindows: Failed to load 'aqProf.dll' (GetLastError=126)
LogWindows: File 'aqProf.dll' does not exist
LogWindows: Failed to load 'VtuneApi.dll' (GetLastError=126)
LogWindows: File 'VtuneApi.dll' does not exist
LogWindows: Failed to load 'VtuneApi32e.dll' (GetLastError=126)
LogWindows: File 'VtuneApi32e.dll' does not exist
LogConsoleResponse: Display: Failed to find resolution value strings in scalability ini. Falling back to default.
LogInit: Display: Running engine for game: Pavlov
LogPakFile: Registered encryption key '00000000000000000000000000000000': 0 pak files mounted, 0 remain pending
LogPlatformFile: Not using cached read wrapper
LogTaskGraph: Started task graph with 5 named threads and 47 total threads with 3 sets of task threads.
LogStats: Stats thread started at 1.055052
LogD3D11RHI: Loaded GFSDK_Aftermath_Lib.x64.dll
LogICUInternationalization: ICU TimeZone Detection - Raw Offset: +2:00, Platform Override: ''
LogPluginManager: Mounting plugin Paper2D
LogPluginManager: Mounting plugin AISupport
LogPluginManager: Mounting plugin LightPropagationVolume
LogPluginManager: Mounting plugin ActorLayerUtilities
LogPluginManager: Mounting plugin CLionSourceCodeAccess
LogPluginManager: Mounting plugin CodeLiteSourceCodeAccess
LogPluginManager: Mounting plugin GitSourceControl
LogPluginManager: Mounting plugin KDevelopSourceCodeAccess
LogPluginManager: Mounting plugin NullSourceCodeAccess
LogPluginManager: Mounting plugin PerforceSourceControl
LogPluginManager: Mounting plugin SubversionSourceControl
LogPluginManager: Mounting plugin UObjectPlugin
LogPluginManager: Mounting plugin VisualStudioCodeSourceCodeAccess
LogPluginManager: Mounting plugin VisualStudioSourceCodeAccess
LogPluginManager: Mounting plugin XCodeSourceCodeAccess
LogPluginManager: Mounting plugin AssetManagerEditor
LogPluginManager: Mounting plugin CryptoKeys
LogPluginManager: Mounting plugin DataValidation
LogPluginManager: Mounting plugin FacialAnimation
LogPluginManager: Mounting plugin GameplayTagsEditor
LogPluginManager: Mounting plugin MacGraphicsSwitching
LogPluginManager: Mounting plugin MeshEditor
LogPluginManager: Mounting plugin MobileLauncherProfileWizard
LogPluginManager: Mounting plugin PluginBrowser
LogPluginManager: Mounting plugin SpeedTreeImporter
LogPluginManager: Mounting plugin DatasmithContent
LogPluginManager: Mounting plugin VariantManagerContent
LogPluginManager: Mounting plugin AlembicImporter
LogPluginManager: Mounting plugin AppleImageUtils
LogPluginManager: Mounting plugin AppleVision
LogPluginManager: Mounting plugin BackChannel
LogPluginManager: Mounting plugin CharacterAI
LogPluginManager: Mounting plugin GeometryCache
LogPluginManager: Mounting plugin HTML5Networking
LogPluginManager: Mounting plugin ProxyLODPlugin
LogPluginManager: Mounting plugin MagicLeap
LogPluginManager: Mounting plugin MagicLeapMedia
LogPluginManager: Mounting plugin AndroidMedia
LogPluginManager: Mounting plugin AvfMedia
LogPluginManager: Mounting plugin ImgMedia
LogPluginManager: Mounting plugin LinearTimecode
LogPluginManager: Mounting plugin MediaCompositing
LogPluginManager: Mounting plugin MediaPlayerEditor
LogPluginManager: Mounting plugin WebMMedia
LogPluginManager: Mounting plugin WmfMedia
LogPluginManager: Mounting plugin TcpMessaging
LogPluginManager: Mounting plugin UdpMessaging
LogPluginManager: Mounting plugin ActorSequence
LogPluginManager: Mounting plugin LevelSequenceEditor
LogPluginManager: Mounting plugin MatineeToLevelSequence
LogPluginManager: Mounting plugin NetcodeUnitTest
LogPluginManager: Mounting plugin NUTUnrealEngine4
LogPluginManager: Mounting plugin OnlineSubsystemGooglePlay
LogPluginManager: Mounting plugin OnlineSubsystemIOS
LogPluginManager: Mounting plugin OnlineSubsystem
LogPluginManager: Mounting plugin OnlineSubsystemNull
LogPluginManager: Mounting plugin OnlineSubsystemUtils
LogPluginManager: Mounting plugin LauncherChunkInstaller
LogPluginManager: Mounting plugin AndroidDeviceProfileSelector
LogPluginManager: Mounting plugin AndroidMoviePlayer
LogPluginManager: Mounting plugin AndroidPermission
LogPluginManager: Mounting plugin ApexDestruction
LogPluginManager: Mounting plugin AppleMoviePlayer
LogPluginManager: Mounting plugin ArchVisCharacter
LogPluginManager: Mounting plugin AudioCapture
LogPluginManager: Mounting plugin CableComponent
LogPluginManager: Mounting plugin CustomMeshComponent
LogPluginManager: Mounting plugin EditableMesh
LogPluginManager: Mounting plugin ExampleDeviceProfileSelector
LogPluginManager: Mounting plugin Firebase
LogPluginManager: Mounting plugin GoogleCloudMessaging
LogPluginManager: Mounting plugin IOSDeviceProfileSelector
LogPluginManager: Mounting plugin LinuxDeviceProfileSelector
LogPluginManager: Mounting plugin LocationServicesBPLibrary
LogPluginManager: Mounting plugin MobilePatchingUtils
LogPluginManager: Mounting plugin OculusVR
LogPluginManager: Mounting plugin PhysXVehicles
LogPluginManager: Mounting plugin ProceduralMeshComponent
LogPluginManager: Mounting plugin RuntimePhysXCooking
LogPluginManager: Mounting plugin SteamAudio
LogPluginManager: Mounting plugin SteamVR
LogPluginManager: Mounting plugin WebMMoviePlayer
LogPluginManager: Mounting plugin WindowsMoviePlayer
LogPluginManager: Mounting plugin CustomMapTools
LogPluginManager: Mounting plugin JsonUtils
LogStreaming: Display: Took  0.124s to configure plugins.
LogInit: Using libcurl 7.55.1-DEV
LogInit:  - built for x86_64-pc-win32
LogInit:  - supports SSL with OpenSSL/1.0.2h
LogInit:  - supports HTTP deflate (compression) using libz 1.2.8
LogInit:  - other features:
LogInit:      CURL_VERSION_SSL
LogInit:      CURL_VERSION_LIBZ
LogInit:      CURL_VERSION_IPV6
LogInit:      CURL_VERSION_ASYNCHDNS
LogInit:      CURL_VERSION_LARGEFILE
LogInit:      CURL_VERSION_IDN
LogInit:  CurlRequestOptions (configurable via config and command line):
LogInit:  - bVerifyPeer = true  - Libcurl will verify peer certificate
LogInit:  - bUseHttpProxy = false  - Libcurl will NOT use HTTP proxy
LogInit:  - bDontReuseConnections = false  - Libcurl will reuse connections
LogInit:  - MaxHostConnections = 16  - Libcurl will limit the number of connections to a host
LogInit:  - LocalHostAddr = Default
LogInit:  - BufferSize = 65536
LogInit: WinSock: version 1.1 (2.2), MaxSocks=32767, MaxUdp=65467
LogInit: Build: ++UE4+Release-4.21-CL-4753647
LogInit: Engine Version: 4.21.2-4753647+++UE4+Release-4.21
LogInit: Compatible Engine Version: 4.21.0-4541578+++UE4+Release-4.21
LogInit: Net CL: 4541578
LogInit: OS: Windows 10 (), CPU: AMD Ryzen 7 3700X 8-Core Processor             , GPU: NVIDIA GeForce RTX 2070
LogInit: Compiled (64-bit): Jan 19 2019 02:07:31
LogInit: Compiled with Visual C++: 19.13.26129.00
LogInit: Build Configuration: Development
LogInit: Branch Name: ++UE4+Release-4.21
LogInit: Command Line: 
LogInit: Base Directory: C:/Program Files/Epic Games/UE_4.21/Engine/Binaries/Win64/
LogInit: Installed Engine Build: 1
LogDevObjectVersion: Number of dev versions registered: 22
LogDevObjectVersion:   Dev-Blueprints (B0D832E4-1F89-4F0D-ACCF-7EB736FD4AA2): 10
LogDevObjectVersion:   Dev-Build (E1C64328-A22C-4D53-A36C-8E866417BD8C): 0
LogDevObjectVersion:   Dev-Core (375EC13C-06E4-48FB-B500-84F0262A717E): 2
LogDevObjectVersion:   Dev-Editor (E4B068ED-F494-42E9-A231-DA0B2E46BB41): 26
LogDevObjectVersion:   Dev-Framework (CFFC743F-43B0-4480-9391-14DF171D2073): 34
LogDevObjectVersion:   Dev-Mobile (B02B49B5-BB20-44E9-A304-32B752E40360): 2
LogDevObjectVersion:   Dev-Networking (A4E4105C-59A1-49B5-A7C5-40C4547EDFEE): 0
LogDevObjectVersion:   Dev-Online (39C831C9-5AE6-47DC-9A44-9C173E1C8E7C): 0
LogDevObjectVersion:   Dev-Physics (78F01B33-EBEA-4F98-B9B4-84EACCB95AA2): 0
LogDevObjectVersion:   Dev-Platform (6631380F-2D4D-43E0-8009-CF276956A95A): 0
LogDevObjectVersion:   Dev-Rendering (12F88B9F-8875-4AFC-A67C-D90C383ABD29): 27
LogDevObjectVersion:   Dev-Sequencer (7B5AE74C-D270-4C10-A958-57980B212A5A): 9
LogDevObjectVersion:   Dev-VR (D7296918-1DD6-4BDD-9DE2-64A83CC13884): 2
LogDevObjectVersion:   Dev-LoadTimes (C2A15278-BFE7-4AFE-6C17-90FF531DF755): 1
LogDevObjectVersion:   Private-Geometry (6EACA3D4-40EC-4CC1-B786-8BED09428FC5): 3
LogDevObjectVersion:   Dev-AnimPhys (29E575DD-E0A3-4627-9D10-D276232CDCEA): 17
LogDevObjectVersion:   Dev-Anim (AF43A65D-7FD3-4947-9873-3E8ED9C1BB05): 2
LogDevObjectVersion:   Dev-ReflectionCapture (6B266CEC-1EC7-4B8F-A30B-E4D90942FC07): 1
LogDevObjectVersion:   Dev-Automation (0DF73D61-A23F-47EA-B727-89E90C41499A): 1
LogDevObjectVersion:   FortniteMain (601D1886-AC64-4F84-AA16-D3DE0DEAC7D6): 17
LogDevObjectVersion:   Dev-Enterprise (9DFFBCD6-494F-0158-E221-12823C92A888): 4
LogDevObjectVersion:   Dev-Niagara (F2AED0AC-9AFE-416F-8664-AA7FFA26D6FC): 1
LogStreaming: Display: Took  0.000s to delete old logs.
LogInit: Presizing for max 8388607 objects, including 0 objects not considered by GC, pre-allocating 0 bytes for permanent pool.
LogInit: Object subsystem initialized
LogConfig: Setting CVar [[con.DebugEarlyDefault:1]]
LogConfig: Setting CVar [[r.setres:1280x720]]
[2023.06.13-14.34.59:507][  0]LogConfig: Setting CVar [[r.VSync:0]]
[2023.06.13-14.34.59:507][  0]LogConfig: Setting CVar [[r.RHICmdBypass:0]]
[2023.06.13-14.34.59:507][  0]LogConfig: Applying CVar settings from Section [/Script/Engine.RendererSettings] File [C:/Users/sphynx/Desktop/Sphynx's Aim World II/Saved/Config/Windows/Engine.ini]
[2023.06.13-14.34.59:507][  0]LogConfig: Setting CVar [[r.GPUCrashDebugging:0]]
[2023.06.13-14.34.59:507][  0]LogConfig: Setting CVar [[r.SeparateTranslucency:0]]
[2023.06.13-14.34.59:507][  0]LogConfig: Setting CVar [[r.CustomDepth:0]]
[2023.06.13-14.34.59:507][  0]LogConfig: Setting CVar [[r.DefaultFeature.Bloom:0]]
[2023.06.13-14.34.59:507][  0]LogConfig: Setting CVar [[r.DefaultFeature.AmbientOcclusion:0]]
[2023.06.13-14.34.59:507][  0]LogConfig: Setting CVar [[r.DefaultFeature.AmbientOcclusionStaticFraction:0]]
[2023.06.13-14.34.59:507][  0]LogConfig: Setting CVar [[r.DefaultFeature.AutoExposure:0]]
[2023.06.13-14.34.59:507][  0]LogConfig: Setting CVar [[r.DefaultFeature.AutoExposure.Method:2]]
[2023.06.13-14.34.59:507][  0]LogConfig: Setting CVar [[r.DefaultFeature.MotionBlur:0]]
[2023.06.13-14.34.59:507][  0]LogConfig: Setting CVar [[vr.InstancedStereo:1]]
[2023.06.13-14.34.59:507][  0]LogConfig: Setting CVar [[r.NormalMapsForStaticLighting:0]]
[2023.06.13-14.34.59:507][  0]LogConfig: Setting CVar [[r.MobileNumDynamicPointLights:2]]
[2023.06.13-14.34.59:507][  0]LogConfig: Setting CVar [[r.EarlyZPass:3]]
[2023.06.13-14.34.59:508][  0]LogConfig: Setting CVar [[r.ClearSceneMethod:1]]
[2023.06.13-14.34.59:508][  0]LogConfig: Setting CVar [[r.MobileHDR:0]]
[2023.06.13-14.34.59:508][  0]LogConfig: Setting CVar [[r.ForwardShading:1]]
[2023.06.13-14.34.59:508][  0]LogConfig: Setting CVar [[r.DefaultFeature.AntiAliasing:3]]
[2023.06.13-14.34.59:508][  0]LogConfig: Setting CVar [[r.ReflectionCaptureResolution:128]]
[2023.06.13-14.34.59:508][  0]LogConfig: Setting CVar [[r.Streaming.MaxTempMemoryAllowed:512]]
[2023.06.13-14.34.59:508][  0]LogConfig: Setting CVar [[r.EarlyZPassMovable:0]]
[2023.06.13-14.34.59:508][  0]LogConfig: Setting CVar [[r.ParallelTranslucency:0]]
[2023.06.13-14.34.59:508][  0]LogConfig: Setting CVar [[r.ReflectionEnvironmentLightmapMixBasedOnRoughness:0]]
[2023.06.13-14.34.59:508][  0]LogConfig: Setting CVar [[r.DBuffer:1]]
[2023.06.13-14.34.59:508][  0]LogConfig: Setting CVar [[r.SupportAtmosphericFog:0]]
[2023.06.13-14.34.59:508][  0]LogConfig: Setting CVar [[r.SupportPointLightWholeSceneShadows:0]]
[2023.06.13-14.34.59:508][  0]LogConfig: Setting CVar [[r.SupportStationarySkylight:0]]
[2023.06.13-14.34.59:508][  0]LogConfig: Setting CVar [[r.Mobile.EnableStaticAndCSMShadowReceivers:0]]
[2023.06.13-14.34.59:508][  0]LogConfig: Setting CVar [[r.Mobile.AllowDistanceFieldShadows:0]]
[2023.06.13-14.34.59:508][  0]LogConfig: Setting CVar [[r.Mobile.AllowMovableDirectionalLights:0]]
[2023.06.13-14.34.59:508][  0]LogConfig: Setting CVar [[r.TextureStreaming:1]]
[2023.06.13-14.34.59:508][  0]LogConfig: Setting CVar [[r.Streaming.UseNewMetrics:0]]
[2023.06.13-14.34.59:508][  0]LogConfig: Setting CVar [[r.MobileMSAA:1]]
[2023.06.13-14.34.59:508][  0]LogConfig: Setting CVar [[r.TonemapperFilm:0]]
[2023.06.13-14.34.59:508][  0]LogConfig: Setting CVar [[r.Tonemapper.Quality:0]]
[2023.06.13-14.34.59:508][  0]LogConfig: Setting CVar [[vr.RoundRobinOcclusion:1]]
[2023.06.13-14.34.59:508][  0]LogConfig: Setting CVar [[r.Shadow.UnbuiltPreviewInGame:0]]
[2023.06.13-14.34.59:508][  0]LogConfig: Setting CVar [[r.GBufferFormat:1]]
[2023.06.13-14.34.59:508][  0]LogConfig: Setting CVar [[r.Mobile.UseLegacyShadingModel:1]]
[2023.06.13-14.34.59:508][  0]LogConfig: Setting CVar [[r.AllowOcclusionQueries:1]]
[2023.06.13-14.34.59:508][  0]LogConfig: Applying CVar settings from Section [/Script/Engine.RendererOverrideSettings] File [C:/Users/sphynx/Desktop/Sphynx's Aim World II/Saved/Config/Windows/Engine.ini]
[2023.06.13-14.34.59:508][  0]LogConfig: Applying CVar settings from Section [/Script/Engine.StreamingSettings] File [C:/Users/sphynx/Desktop/Sphynx's Aim World II/Saved/Config/Windows/Engine.ini]
[2023.06.13-14.34.59:508][  0]LogConfig: Setting CVar [[s.MinBulkDataSizeForAsyncLoading:131072]]
[2023.06.13-14.34.59:508][  0]LogConfig: Setting CVar [[s.AsyncLoadingThreadEnabled:0]]
[2023.06.13-14.34.59:508][  0]LogConfig: Setting CVar [[s.EventDrivenLoaderEnabled:0]]
[2023.06.13-14.34.59:508][  0]LogConfig: Setting CVar [[s.WarnIfTimeLimitExceeded:0]]
[2023.06.13-14.34.59:508][  0]LogConfig: Setting CVar [[s.TimeLimitExceededMultiplier:1.5]]
[2023.06.13-14.34.59:508][  0]LogConfig: Setting CVar [[s.TimeLimitExceededMinTime:0.005]]
[2023.06.13-14.34.59:508][  0]LogConfig: Setting CVar [[s.UseBackgroundLevelStreaming:1]]
[2023.06.13-14.34.59:508][  0]LogConfig: Setting CVar [[s.PriorityAsyncLoadingExtraTime:15.0]]
[2023.06.13-14.34.59:508][  0]LogConfig: Setting CVar [[s.LevelStreamingActorsUpdateTimeLimit:5.0]]
[2023.06.13-14.34.59:508][  0]LogConfig: Setting CVar [[s.PriorityLevelStreamingActorsUpdateExtraTime:5.0]]
[2023.06.13-14.34.59:508][  0]LogConfig: Setting CVar [[s.LevelStreamingComponentsRegistrationGranularity:10]]
[2023.06.13-14.34.59:508][  0]LogConfig: Setting CVar [[s.UnregisterComponentsTimeLimit:1.0]]
[2023.06.13-14.34.59:508][  0]LogConfig: Setting CVar [[s.LevelStreamingComponentsUnregistrationGranularity:5]]
[2023.06.13-14.34.59:508][  0]LogConfig: Applying CVar settings from Section [/Script/Engine.GarbageCollectionSettings] File [C:/Users/sphynx/Desktop/Sphynx's Aim World II/Saved/Config/Windows/Engine.ini]
[2023.06.13-14.34.59:508][  0]LogConfig: Setting CVar [[gc.MaxObjectsNotConsideredByGC:1]]
[2023.06.13-14.34.59:508][  0]LogConfig: Setting CVar [[gc.SizeOfPermanentObjectPool:0]]
[2023.06.13-14.34.59:508][  0]LogConfig: Setting CVar [[gc.FlushStreamingOnGC:0]]
[2023.06.13-14.34.59:508][  0]LogConfig: Setting CVar [[gc.NumRetriesBeforeForcingGC:10]]
[2023.06.13-14.34.59:508][  0]LogConfig: Setting CVar [[gc.AllowParallelGC:1]]
[2023.06.13-14.34.59:508][  0]LogConfig: Setting CVar [[gc.TimeBetweenPurgingPendingKillObjects:61.1]]
[2023.06.13-14.34.59:508][  0]LogConfig: Setting CVar [[gc.MaxObjectsInEditor:8388607]]
[2023.06.13-14.34.59:508][  0]LogConfig: Setting CVar [[gc.IncrementalBeginDestroyEnabled:1]]
[2023.06.13-14.34.59:508][  0]LogConfig: Setting CVar [[gc.CreateGCClusters:1]]
[2023.06.13-14.34.59:508][  0]LogConfig: Setting CVar [[gc.MergeGCClusters:0]]
[2023.06.13-14.34.59:508][  0]LogConfig: Setting CVar [[gc.MinGCClusterSize:5]]
[2023.06.13-14.34.59:508][  0]LogConfig: Setting CVar [[gc.ActorClusteringEnabled:0]]
[2023.06.13-14.34.59:508][  0]LogConfig: Setting CVar [[gc.BlueprintClusteringEnabled:0]]
[2023.06.13-14.34.59:508][  0]LogConfig: Setting CVar [[gc.UseDisregardForGCOnDedicatedServers:0]]
[2023.06.13-14.34.59:508][  0]LogConfig: Applying CVar settings from Section [/Script/Engine.NetworkSettings] File [C:/Users/sphynx/Desktop/Sphynx's Aim World II/Saved/Config/Windows/Engine.ini]
[2023.06.13-14.34.59:508][  0]LogConfig: Setting CVar [[net.MaxRepArraySize:2048]]
[2023.06.13-14.34.59:508][  0]LogConfig: Applying CVar settings from Section [/Script/UnrealEd.CookerSettings] File [C:/Users/sphynx/Desktop/Sphynx's Aim World II/Saved/Config/Windows/Engine.ini]
[2023.06.13-14.34.59:513][  0]LogConfig: Applying CVar settings from Section [ViewDistanceQuality@3] File [C:/Users/sphynx/Desktop/Sphynx's Aim World II/Saved/Config/Windows/Scalability.ini]
[2023.06.13-14.34.59:513][  0]LogConfig: Setting CVar [[r.SkeletalMeshLODBias:0]]
[2023.06.13-14.34.59:513][  0]LogConfig: Setting CVar [[r.ViewDistanceScale:1.0]]
[2023.06.13-14.34.59:513][  0]LogConfig: Applying CVar settings from Section [AntiAliasingQuality@3] File [C:/Users/sphynx/Desktop/Sphynx's Aim World II/Saved/Config/Windows/Scalability.ini]
[2023.06.13-14.34.59:513][  0]LogConfig: Setting CVar [[r.PostProcessAAQuality:0]]
[2023.06.13-14.34.59:513][  0]LogConfig: Setting CVar [[r.MSAACount:4]]
[2023.06.13-14.34.59:513][  0]LogConfig: Applying CVar settings from Section [ShadowQuality@3] File [C:/Users/sphynx/Desktop/Sphynx's Aim World II/Saved/Config/Windows/Scalability.ini]
[2023.06.13-14.34.59:513][  0]LogConfig: Setting CVar [[r.LightFunctionQuality:0]]
[2023.06.13-14.34.59:513][  0]LogConfig: Setting CVar [[r.ShadowQuality:0]]
[2023.06.13-14.34.59:513][  0]LogConfig: Setting CVar [[r.Shadow.CSM.MaxCascades:1]]
[2023.06.13-14.34.59:513][  0]LogConfig: Setting CVar [[r.Shadow.MaxResolution:512]]
[2023.06.13-14.34.59:513][  0]LogConfig: Setting CVar [[r.Shadow.MaxCSMResolution:2048]]
[2023.06.13-14.34.59:513][  0]LogConfig: Setting CVar [[r.Shadow.RadiusThreshold:0.06]]
[2023.06.13-14.34.59:513][  0]LogConfig: Setting CVar [[r.Shadow.DistanceScale:0.6]]
[2023.06.13-14.34.59:513][  0]LogConfig: Setting CVar [[r.Shadow.CSM.TransitionScale:0]]
[2023.06.13-14.34.59:513][  0]LogConfig: Setting CVar [[r.Shadow.PreShadowResolutionFactor:1.0]]
[2023.06.13-14.34.59:513][  0]LogConfig: Setting CVar [[r.DistanceFieldShadowing:0]]
[2023.06.13-14.34.59:513][  0]LogConfig: Setting CVar [[r.DistanceFieldAO:0]]
[2023.06.13-14.34.59:513][  0]LogConfig: Setting CVar [[r.AOQuality:2]]
[2023.06.13-14.34.59:513][  0]LogConfig: Setting CVar [[r.VolumetricFog:1]]
[2023.06.13-14.34.59:513][  0]LogConfig: Setting CVar [[r.VolumetricFog.GridPixelSize:8]]
[2023.06.13-14.34.59:513][  0]LogConfig: Setting CVar [[r.VolumetricFog.GridSizeZ:128]]
[2023.06.13-14.34.59:513][  0]LogConfig: Setting CVar [[r.VolumetricFog.HistoryMissSupersampleCount:4]]
[2023.06.13-14.34.59:513][  0]LogConfig: Setting CVar [[r.LightMaxDrawDistanceScale:1]]
[2023.06.13-14.34.59:513][  0]LogConfig: Setting CVar [[r.CapsuleShadows:1]]
[2023.06.13-14.34.59:513][  0]LogConfig: Applying CVar settings from Section [PostProcessQuality@3] File [C:/Users/sphynx/Desktop/Sphynx's Aim World II/Saved/Config/Windows/Scalability.ini]
[2023.06.13-14.34.59:514][  0]LogConfig: Setting CVar [[r.MotionBlurQuality:0]]
[2023.06.13-14.34.59:514][  0]LogConfig: Setting CVar [[r.AmbientOcclusionMipLevelFactor:1.0]]
[2023.06.13-14.34.59:514][  0]LogConfig: Setting CVar [[r.AmbientOcclusionMaxQuality:0]]
[2023.06.13-14.34.59:514][  0]LogConfig: Setting CVar [[r.AmbientOcclusionLevels:0]]
[2023.06.13-14.34.59:514][  0]LogConfig: Setting CVar [[r.AmbientOcclusionRadiusScale:1.2]]
[2023.06.13-14.34.59:514][  0]LogConfig: Setting CVar [[r.DepthOfFieldQuality:0]]
[2023.06.13-14.34.59:514][  0]LogConfig: Setting CVar [[r.RenderTargetPoolMin:300]]
[2023.06.13-14.34.59:514][  0]LogConfig: Setting CVar [[r.LensFlareQuality:0]]
[2023.06.13-14.34.59:514][  0]LogConfig: Setting CVar [[r.SceneColorFringeQuality:0]]
[2023.06.13-14.34.59:514][  0]LogConfig: Setting CVar [[r.EyeAdaptationQuality:0]]
[2023.06.13-14.34.59:514][  0]LogConfig: Setting CVar [[r.BloomQuality:4]]
[2023.06.13-14.34.59:514][  0]LogConfig: Setting CVar [[r.FastBlurThreshold:0]]
[2023.06.13-14.34.59:514][  0]LogConfig: Setting CVar [[r.Upscale.Quality:1]]
[2023.06.13-14.34.59:514][  0]LogConfig: Setting CVar [[r.Tonemapper.GrainQuantization:0]]
[2023.06.13-14.34.59:514][  0]LogConfig: Setting CVar [[r.LightShaftQuality:0]]
[2023.06.13-14.34.59:514][  0]LogConfig: Setting CVar [[r.Filter.SizeScale:0.6]]
[2023.06.13-14.34.59:514][  0]LogConfig: Setting CVar [[r.Tonemapper.Quality:0]]
[2023.06.13-14.34.59:514][  0]LogConsoleManager: Warning: Setting the console variable 'r.Tonemapper.Quality' with 'SetByScalability' was ignored as it is lower priority than the previous 'SetByProjectSetting'. Value remains '0'
[2023.06.13-14.34.59:514][  0]LogConfig: Setting CVar [[r.DOF.Gather.AccumulatorQuality:1        ; higher gathering accumulator quality]]
[2023.06.13-14.34.59:514][  0]LogConfig: Setting CVar [[r.DOF.Gather.PostfilterMethod:1          ; Median3x3 postfilering method]]
[2023.06.13-14.34.59:514][  0]LogConfig: Setting CVar [[r.DOF.Gather.EnableBokehSettings:0       ; no bokeh simulation when gathering]]
[2023.06.13-14.34.59:514][  0]LogConfig: Setting CVar [[r.DOF.Gather.RingCount:4                 ; medium number of samples when gathering]]
[2023.06.13-14.34.59:514][  0]LogConfig: Setting CVar [[r.DOF.Scatter.ForegroundCompositing:1    ; additive foreground scattering]]
[2023.06.13-14.34.59:514][  0]LogConfig: Setting CVar [[r.DOF.Scatter.BackgroundCompositing:2    ; additive background scattering]]
[2023.06.13-14.34.59:514][  0]LogConfig: Setting CVar [[r.DOF.Scatter.EnableBokehSettings:1      ; bokeh simulation when scattering]]
[2023.06.13-14.34.59:514][  0]LogConfig: Setting CVar [[r.DOF.Scatter.MaxSpriteRatio:0.1         ; only a maximum of 10% of scattered bokeh]]
[2023.06.13-14.34.59:514][  0]LogConfig: Setting CVar [[r.DOF.Recombine.Quality:1                ; cheap slight out of focus]]
[2023.06.13-14.34.59:514][  0]LogConfig: Setting CVar [[r.DOF.Recombine.EnableBokehSettings:0    ; no bokeh simulation on slight out of focus]]
[2023.06.13-14.34.59:514][  0]LogConfig: Setting CVar [[r.DOF.TemporalAAQuality:1                ; more stable temporal accumulation]]
[2023.06.13-14.34.59:514][  0]LogConfig: Setting CVar [[r.DOF.Kernel.MaxForegroundRadius:0.025]]
[2023.06.13-14.34.59:514][  0]LogConfig: Setting CVar [[r.DOF.Kernel.MaxBackgroundRadius:0.025]]
[2023.06.13-14.34.59:514][  0]LogConfig: Applying CVar settings from Section [TextureQuality@3] File [C:/Users/sphynx/Desktop/Sphynx's Aim World II/Saved/Config/Windows/Scalability.ini]
[2023.06.13-14.34.59:514][  0]LogConfig: Setting CVar [[r.Streaming.MipBias:0]]
[2023.06.13-14.34.59:514][  0]LogConfig: Setting CVar [[r.Streaming.AmortizeCPUToGPUCopy:0]]
[2023.06.13-14.34.59:514][  0]LogConfig: Setting CVar [[r.Streaming.MaxNumTexturesToStreamPerFrame:0]]
[2023.06.13-14.34.59:514][  0]LogConfig: Setting CVar [[r.Streaming.Boost:1]]
[2023.06.13-14.34.59:514][  0]LogConfig: Setting CVar [[r.MaxAnisotropy:8]]
[2023.06.13-14.34.59:514][  0]LogConfig: Setting CVar [[r.Streaming.LimitPoolSizeToVRAM:0]]
[2023.06.13-14.34.59:514][  0]LogConfig: Setting CVar [[r.Streaming.PoolSize:2500]]
[2023.06.13-14.34.59:514][  0]LogConfig: Setting CVar [[r.Streaming.MaxEffectiveScreenSize:0]]
[2023.06.13-14.34.59:514][  0]LogConfig: Applying CVar settings from Section [EffectsQuality@3] File [C:/Users/sphynx/Desktop/Sphynx's Aim World II/Saved/Config/Windows/Scalability.ini]
[2023.06.13-14.34.59:514][  0]LogConfig: Setting CVar [[r.TranslucencyLightingVolumeDim:64]]
[2023.06.13-14.34.59:514][  0]LogConfig: Setting CVar [[r.RefractionQuality:0]]
[2023.06.13-14.34.59:514][  0]LogConfig: Setting CVar [[r.SSR.Quality:0]]
[2023.06.13-14.34.59:514][  0]LogConfig: Setting CVar [[r.SceneColorFormat:3]]
[2023.06.13-14.34.59:514][  0]LogConfig: Setting CVar [[r.DetailMode:2]]
[2023.06.13-14.34.59:514][  0]LogConfig: Setting CVar [[r.TranslucencyVolumeBlur:0]]
[2023.06.13-14.34.59:514][  0]LogConfig: Setting CVar [[r.MaterialQualityLevel:1]]
[2023.06.13-14.34.59:514][  0]LogConfig: Setting CVar [[r.SSS.Scale:0]]
[2023.06.13-14.34.59:514][  0]LogConfig: Setting CVar [[r.SSS.SampleSet:0]]
[2023.06.13-14.34.59:514][  0]LogConfig: Setting CVar [[r.SSS.Quality:0]]
[2023.06.13-14.34.59:514][  0]LogConfig: Setting CVar [[r.SSS.HalfRes:1]]
[2023.06.13-14.34.59:514][  0]LogConfig: Setting CVar [[r.EmitterSpawnRateScale:0.125]]
[2023.06.13-14.34.59:514][  0]LogConfig: Setting CVar [[r.ParticleLightQuality:1]]
[2023.06.13-14.34.59:514][  0]LogConfig: Applying CVar settings from Section [FoliageQuality@3] File [C:/Users/sphynx/Desktop/Sphynx's Aim World II/Saved/Config/Windows/Scalability.ini]
[2023.06.13-14.34.59:514][  0]LogConfig: Setting CVar [[foliage.DensityScale:1.0]]
[2023.06.13-14.34.59:514][  0]LogConfig: Setting CVar [[grass.DensityScale:1.0]]
[2023.06.13-14.34.59:514][  0]LogConfig: Setting CVar [[r.ParticleLightQuality:2]]
[2023.06.13-14.34.59:514][  0]LogInit: Selected Device Profile: [Windows]
[2023.06.13-14.34.59:515][  0]LogInit: Applying CVar settings loaded from the selected device profile: [Windows]
[2023.06.13-14.34.59:587][  0]LogHAL: Display: Platform has ~ 16 GB [17126510592 / 17179869184 / 16], which maps to Larger [LargestMinGB=32, LargerMinGB=12, DefaultMinGB=8, SmallerMinGB=6, SmallestMinGB=0)
[2023.06.13-14.34.59:588][  0]LogConfig: Setting CVar [[r.Vulkan.UseRealUBs:1]]
[2023.06.13-14.34.59:588][  0]LogInit: Going up to parent DeviceProfile []
[2023.06.13-14.34.59:588][  0]LogConfig: Applying CVar settings from Section [ViewDistanceQuality@3] File [C:/Users/sphynx/Desktop/Sphynx's Aim World II/Saved/Config/Windows/Scalability.ini]
[2023.06.13-14.34.59:588][  0]LogConfig: Setting CVar [[r.SkeletalMeshLODBias:0]]
[2023.06.13-14.34.59:588][  0]LogConfig: Setting CVar [[r.ViewDistanceScale:1.0]]
[2023.06.13-14.34.59:588][  0]LogConfig: Applying CVar settings from Section [AntiAliasingQuality@3] File [C:/Users/sphynx/Desktop/Sphynx's Aim World II/Saved/Config/Windows/Scalability.ini]
[2023.06.13-14.34.59:588][  0]LogConfig: Setting CVar [[r.PostProcessAAQuality:0]]
[2023.06.13-14.34.59:588][  0]LogConfig: Setting CVar [[r.MSAACount:4]]
[2023.06.13-14.34.59:588][  0]LogConfig: Applying CVar settings from Section [ShadowQuality@3] File [C:/Users/sphynx/Desktop/Sphynx's Aim World II/Saved/Config/Windows/Scalability.ini]
[2023.06.13-14.34.59:588][  0]LogConfig: Setting CVar [[r.LightFunctionQuality:0]]
[2023.06.13-14.34.59:588][  0]LogConfig: Setting CVar [[r.ShadowQuality:0]]
[2023.06.13-14.34.59:588][  0]LogConfig: Setting CVar [[r.Shadow.CSM.MaxCascades:1]]
[2023.06.13-14.34.59:588][  0]LogConfig: Setting CVar [[r.Shadow.MaxResolution:512]]
[2023.06.13-14.34.59:588][  0]LogConfig: Setting CVar [[r.Shadow.MaxCSMResolution:2048]]
[2023.06.13-14.34.59:588][  0]LogConfig: Setting CVar [[r.Shadow.RadiusThreshold:0.06]]
[2023.06.13-14.34.59:588][  0]LogConfig: Setting CVar [[r.Shadow.DistanceScale:0.6]]
[2023.06.13-14.34.59:588][  0]LogConfig: Setting CVar [[r.Shadow.CSM.TransitionScale:0]]
[2023.06.13-14.34.59:588][  0]LogConfig: Setting CVar [[r.Shadow.PreShadowResolutionFactor:1.0]]
[2023.06.13-14.34.59:588][  0]LogConfig: Setting CVar [[r.DistanceFieldShadowing:0]]
[2023.06.13-14.34.59:588][  0]LogConfig: Setting CVar [[r.DistanceFieldAO:0]]
[2023.06.13-14.34.59:588][  0]LogConfig: Setting CVar [[r.AOQuality:2]]
[2023.06.13-14.34.59:588][  0]LogConfig: Setting CVar [[r.VolumetricFog:1]]
[2023.06.13-14.34.59:588][  0]LogConfig: Setting CVar [[r.VolumetricFog.GridPixelSize:8]]
[2023.06.13-14.34.59:588][  0]LogConfig: Setting CVar [[r.VolumetricFog.GridSizeZ:128]]
[2023.06.13-14.34.59:588][  0]LogConfig: Setting CVar [[r.VolumetricFog.HistoryMissSupersampleCount:4]]
[2023.06.13-14.34.59:588][  0]LogConfig: Setting CVar [[r.LightMaxDrawDistanceScale:1]]
[2023.06.13-14.34.59:588][  0]LogConfig: Setting CVar [[r.CapsuleShadows:1]]
[2023.06.13-14.34.59:588][  0]LogConfig: Applying CVar settings from Section [PostProcessQuality@3] File [C:/Users/sphynx/Desktop/Sphynx's Aim World II/Saved/Config/Windows/Scalability.ini]
[2023.06.13-14.34.59:588][  0]LogConfig: Setting CVar [[r.MotionBlurQuality:0]]
[2023.06.13-14.34.59:588][  0]LogConfig: Setting CVar [[r.AmbientOcclusionMipLevelFactor:1.0]]
[2023.06.13-14.34.59:588][  0]LogConfig: Setting CVar [[r.AmbientOcclusionMaxQuality:0]]
[2023.06.13-14.34.59:588][  0]LogConfig: Setting CVar [[r.AmbientOcclusionLevels:0]]
[2023.06.13-14.34.59:588][  0]LogConfig: Setting CVar [[r.AmbientOcclusionRadiusScale:1.2]]
[2023.06.13-14.34.59:588][  0]LogConfig: Setting CVar [[r.DepthOfFieldQuality:0]]
[2023.06.13-14.34.59:588][  0]LogConfig: Setting CVar [[r.RenderTargetPoolMin:300]]
[2023.06.13-14.34.59:588][  0]LogConfig: Setting CVar [[r.LensFlareQuality:0]]
[2023.06.13-14.34.59:588][  0]LogConfig: Setting CVar [[r.SceneColorFringeQuality:0]]
[2023.06.13-14.34.59:588][  0]LogConfig: Setting CVar [[r.EyeAdaptationQuality:0]]
[2023.06.13-14.34.59:588][  0]LogConfig: Setting CVar [[r.BloomQuality:4]]
[2023.06.13-14.34.59:588][  0]LogConfig: Setting CVar [[r.FastBlurThreshold:0]]
[2023.06.13-14.34.59:588][  0]LogConfig: Setting CVar [[r.Upscale.Quality:1]]
[2023.06.13-14.34.59:588][  0]LogConfig: Setting CVar [[r.Tonemapper.GrainQuantization:0]]
[2023.06.13-14.34.59:588][  0]LogConfig: Setting CVar [[r.LightShaftQuality:0]]
[2023.06.13-14.34.59:588][  0]LogConfig: Setting CVar [[r.Filter.SizeScale:0.6]]
[2023.06.13-14.34.59:588][  0]LogConfig: Setting CVar [[r.Tonemapper.Quality:0]]
[2023.06.13-14.34.59:588][  0]LogConsoleManager: Warning: Setting the console variable 'r.Tonemapper.Quality' with 'SetByScalability' was ignored as it is lower priority than the previous 'SetByProjectSetting'. Value remains '0'
[2023.06.13-14.34.59:588][  0]LogConfig: Setting CVar [[r.DOF.Gather.AccumulatorQuality:1        ; higher gathering accumulator quality]]
[2023.06.13-14.34.59:588][  0]LogConfig: Setting CVar [[r.DOF.Gather.PostfilterMethod:1          ; Median3x3 postfilering method]]
[2023.06.13-14.34.59:588][  0]LogConfig: Setting CVar [[r.DOF.Gather.EnableBokehSettings:0       ; no bokeh simulation when gathering]]
[2023.06.13-14.34.59:588][  0]LogConfig: Setting CVar [[r.DOF.Gather.RingCount:4                 ; medium number of samples when gathering]]
[2023.06.13-14.34.59:588][  0]LogConfig: Setting CVar [[r.DOF.Scatter.ForegroundCompositing:1    ; additive foreground scattering]]
[2023.06.13-14.34.59:588][  0]LogConfig: Setting CVar [[r.DOF.Scatter.BackgroundCompositing:2    ; additive background scattering]]
[2023.06.13-14.34.59:588][  0]LogConfig: Setting CVar [[r.DOF.Scatter.EnableBokehSettings:1      ; bokeh simulation when scattering]]
[2023.06.13-14.34.59:588][  0]LogConfig: Setting CVar [[r.DOF.Scatter.MaxSpriteRatio:0.1         ; only a maximum of 10% of scattered bokeh]]
[2023.06.13-14.34.59:588][  0]LogConfig: Setting CVar [[r.DOF.Recombine.Quality:1                ; cheap slight out of focus]]
[2023.06.13-14.34.59:588][  0]LogConfig: Setting CVar [[r.DOF.Recombine.EnableBokehSettings:0    ; no bokeh simulation on slight out of focus]]
[2023.06.13-14.34.59:588][  0]LogConfig: Setting CVar [[r.DOF.TemporalAAQuality:1                ; more stable temporal accumulation]]
[2023.06.13-14.34.59:588][  0]LogConfig: Setting CVar [[r.DOF.Kernel.MaxForegroundRadius:0.025]]
[2023.06.13-14.34.59:588][  0]LogConfig: Setting CVar [[r.DOF.Kernel.MaxBackgroundRadius:0.025]]
[2023.06.13-14.34.59:588][  0]LogConfig: Applying CVar settings from Section [TextureQuality@3] File [C:/Users/sphynx/Desktop/Sphynx's Aim World II/Saved/Config/Windows/Scalability.ini]
[2023.06.13-14.34.59:588][  0]LogConfig: Setting CVar [[r.Streaming.MipBias:0]]
[2023.06.13-14.34.59:588][  0]LogConfig: Setting CVar [[r.Streaming.AmortizeCPUToGPUCopy:0]]
[2023.06.13-14.34.59:588][  0]LogConfig: Setting CVar [[r.Streaming.MaxNumTexturesToStreamPerFrame:0]]
[2023.06.13-14.34.59:588][  0]LogConfig: Setting CVar [[r.Streaming.Boost:1]]
[2023.06.13-14.34.59:588][  0]LogConfig: Setting CVar [[r.MaxAnisotropy:8]]
[2023.06.13-14.34.59:588][  0]LogConfig: Setting CVar [[r.Streaming.LimitPoolSizeToVRAM:0]]
[2023.06.13-14.34.59:588][  0]LogConfig: Setting CVar [[r.Streaming.PoolSize:2500]]
[2023.06.13-14.34.59:588][  0]LogConfig: Setting CVar [[r.Streaming.MaxEffectiveScreenSize:0]]
[2023.06.13-14.34.59:588][  0]LogConfig: Applying CVar settings from Section [EffectsQuality@3] File [C:/Users/sphynx/Desktop/Sphynx's Aim World II/Saved/Config/Windows/Scalability.ini]
[2023.06.13-14.34.59:588][  0]LogConfig: Setting CVar [[r.TranslucencyLightingVolumeDim:64]]
[2023.06.13-14.34.59:588][  0]LogConfig: Setting CVar [[r.RefractionQuality:0]]
[2023.06.13-14.34.59:588][  0]LogConfig: Setting CVar [[r.SSR.Quality:0]]
[2023.06.13-14.34.59:588][  0]LogConfig: Setting CVar [[r.SceneColorFormat:3]]
[2023.06.13-14.34.59:588][  0]LogConfig: Setting CVar [[r.DetailMode:2]]
[2023.06.13-14.34.59:588][  0]LogConfig: Setting CVar [[r.TranslucencyVolumeBlur:0]]
[2023.06.13-14.34.59:588][  0]LogConfig: Setting CVar [[r.MaterialQualityLevel:1]]
[2023.06.13-14.34.59:588][  0]LogConfig: Setting CVar [[r.SSS.Scale:0]]
[2023.06.13-14.34.59:588][  0]LogConfig: Setting CVar [[r.SSS.SampleSet:0]]
[2023.06.13-14.34.59:588][  0]LogConfig: Setting CVar [[r.SSS.Quality:0]]
[2023.06.13-14.34.59:588][  0]LogConfig: Setting CVar [[r.SSS.HalfRes:1]]
[2023.06.13-14.34.59:588][  0]LogConfig: Setting CVar [[r.EmitterSpawnRateScale:0.125]]
[2023.06.13-14.34.59:588][  0]LogConfig: Setting CVar [[r.ParticleLightQuality:1]]
[2023.06.13-14.34.59:588][  0]LogConfig: Applying CVar settings from Section [FoliageQuality@3] File [C:/Users/sphynx/Desktop/Sphynx's Aim World II/Saved/Config/Windows/Scalability.ini]
[2023.06.13-14.34.59:588][  0]LogConfig: Setting CVar [[foliage.DensityScale:1.0]]
[2023.06.13-14.34.59:588][  0]LogConfig: Setting CVar [[grass.DensityScale:1.0]]
[2023.06.13-14.34.59:588][  0]LogConfig: Setting CVar [[r.ParticleLightQuality:2]]
[2023.06.13-14.34.59:589][  0]LogConfig: Applying CVar settings from Section [Startup] File [../../../Engine/Config/ConsoleVariables.ini]
[2023.06.13-14.34.59:593][  0]LogConfig: Setting CVar [[net.UseAdaptiveNetUpdateFrequency:0]]
[2023.06.13-14.34.59:593][  0]LogConfig: Applying CVar settings from Section [ConsoleVariables] File [C:/Users/sphynx/Desktop/Sphynx's Aim World II/Saved/Config/Windows/Engine.ini]
[2023.06.13-14.34.59:593][  0]LogInit: Computer: DESKTOP-N1NJNOH
[2023.06.13-14.34.59:593][  0]LogInit: User: sphynx
[2023.06.13-14.34.59:594][  0]LogInit: CPU Page size=4096, Cores=8
[2023.06.13-14.34.59:594][  0]LogInit: High frequency timer resolution =10.000000 MHz
[2023.06.13-14.34.59:594][  0]LogMemory: Memory total: Physical=16.0GB (16GB approx)
[2023.06.13-14.34.59:594][  0]LogMemory: Platform Memory Stats for Windows
[2023.06.13-14.34.59:594][  0]LogMemory: Process Physical Memory: 120.27 MB used, 120.27 MB peak
[2023.06.13-14.34.59:594][  0]LogMemory: Process Virtual Memory: 103.39 MB used, 103.39 MB peak
[2023.06.13-14.34.59:594][  0]LogMemory: Physical Memory: 7711.22 MB used,  8621.89 MB free, 16333.11 MB total
[2023.06.13-14.34.59:594][  0]LogMemory: Virtual Memory: 4681.83 MB used,  134213048.00 MB free, 134217728.00 MB total
[2023.06.13-14.34.59:783][  0]LogInit: Using OS detected language (en-US).
[2023.06.13-14.34.59:783][  0]LogInit: Using OS detected locale (en-IL).
[2023.06.13-14.34.59:785][  0]LogTextLocalizationManager: No specific localization for 'en-US' exists, so the 'en' localization will be used.
[2023.06.13-14.35.00:287][  0]LogStreaming: Display: Took  0.504s to InitEngineTextLocalization.
[2023.06.13-14.35.00:368][  0]LogSlate: New Slate User Created.  User Index 0, Is Virtual User: 0
[2023.06.13-14.35.00:368][  0]LogSlate: Slate User Registered.  User Index 0, Is Virtual User: 0
[2023.06.13-14.35.02:237][  0]LogHMD: Failed to initialize OpenVR with code 126
[2023.06.13-14.35.02:237][  0]LogD3D11RHI: D3D11 adapters:
[2023.06.13-14.35.02:356][  0]LogD3D11RHI:    0. 'NVIDIA GeForce RTX 2070' (Feature Level 11_0)
[2023.06.13-14.35.02:356][  0]LogD3D11RHI:       8019/0/8166 MB DedicatedVideo/DedicatedSystem/SharedSystem, Outputs:2, VendorId:0x10de
[2023.06.13-14.35.02:358][  0]LogD3D11RHI:    1. 'Microsoft Basic Render Driver' (Feature Level 11_0)
[2023.06.13-14.35.02:358][  0]LogD3D11RHI:       0/0/8166 MB DedicatedVideo/DedicatedSystem/SharedSystem, Outputs:0, VendorId:0x1414
[2023.06.13-14.35.02:358][  0]LogD3D11RHI: Chosen D3D11 Adapter: 0
[2023.06.13-14.35.02:365][  0]LogD3D11RHI: Creating new Direct3DDevice
[2023.06.13-14.35.02:365][  0]LogD3D11RHI:     GPU DeviceId: 0x1f02 (for the marketing name, search the web for "GPU Device Id")
[2023.06.13-14.35.02:365][  0]LogWindows: EnumDisplayDevices:
[2023.06.13-14.35.02:365][  0]LogWindows:    0. 'NVIDIA GeForce RTX 2070' (P:0 D:1)
[2023.06.13-14.35.02:365][  0]LogWindows:    1. 'NVIDIA GeForce RTX 2070' (P:1 D:1)
[2023.06.13-14.35.02:365][  0]LogWindows:    2. 'NVIDIA GeForce RTX 2070' (P:0 D:0)
[2023.06.13-14.35.02:366][  0]LogWindows:    3. 'NVIDIA GeForce RTX 2070' (P:0 D:0)
[2023.06.13-14.35.02:366][  0]LogWindows: DebugString: FoundDriverCount:4 
[2023.06.13-14.35.02:366][  0]LogD3D11RHI:     Adapter Name: NVIDIA GeForce RTX 2070
[2023.06.13-14.35.02:366][  0]LogD3D11RHI:   Driver Version: 535.98 (internal:31.0.15.3598, unified:535.98)
[2023.06.13-14.35.02:366][  0]LogD3D11RHI:      Driver Date: 5-24-2023
[2023.06.13-14.35.02:366][  0]LogRHI: Texture pool is 5613 MB (70% of 8019 MB)
[2023.06.13-14.35.02:458][  0]LogD3D11RHI: Async texture creation enabled
[2023.06.13-14.35.02:478][  0]LogD3D11RHI: GPU Timing Frequency: 1000.000000 (Debug: 2 1)
[2023.06.13-14.35.03:065][  0]LogTemp: Display: Loaded TP AllDesktopTargetPlatform
[2023.06.13-14.35.03:078][  0]LogTemp: Display: Loaded TP MacClientTargetPlatform
[2023.06.13-14.35.03:092][  0]LogTemp: Display: Loaded TP MacNoEditorTargetPlatform
[2023.06.13-14.35.03:105][  0]LogTemp: Display: Loaded TP MacServerTargetPlatform
[2023.06.13-14.35.03:125][  0]LogTemp: Display: Loaded TP MacTargetPlatform
[2023.06.13-14.35.03:139][  0]LogTemp: Display: Loaded TP WindowsClientTargetPlatform
[2023.06.13-14.35.03:154][  0]LogTemp: Display: Loaded TP WindowsNoEditorTargetPlatform
[2023.06.13-14.35.03:167][  0]LogTemp: Display: Loaded TP WindowsServerTargetPlatform
[2023.06.13-14.35.03:174][  0]LogTemp: Display: Loaded TP WindowsTargetPlatform
[2023.06.13-14.35.03:255][  0]LogTemp: Display: Loaded TP AndroidTargetPlatform
[2023.06.13-14.35.03:255][  0]LogTemp: Display: Loaded TP AndroidTargetPlatform
[2023.06.13-14.35.03:255][  0]LogTemp: Display: Loaded TP AndroidTargetPlatform
[2023.06.13-14.35.03:255][  0]LogTemp: Display: Loaded TP AndroidTargetPlatform
[2023.06.13-14.35.03:255][  0]LogTemp: Display: Loaded TP AndroidTargetPlatform
[2023.06.13-14.35.03:255][  0]LogTemp: Display: Loaded TP AndroidTargetPlatform
[2023.06.13-14.35.03:255][  0]LogTemp: Display: Loaded TP AndroidTargetPlatform
[2023.06.13-14.35.03:255][  0]LogTemp: Display: Loaded TP AndroidTargetPlatform
[2023.06.13-14.35.03:255][  0]LogTemp: Display: Loaded TP AndroidTargetPlatform
[2023.06.13-14.35.03:256][  0]LogTemp: Display: Loaded TP AndroidTargetPlatform
[2023.06.13-14.35.03:256][  0]LogTemp: Display: Loaded TP AndroidTargetPlatform
[2023.06.13-14.35.03:256][  0]LogTemp: Display: Loaded TP AndroidTargetPlatform
[2023.06.13-14.35.03:256][  0]LogTemp: Display: Loaded TP AndroidTargetPlatform
[2023.06.13-14.35.03:256][  0]LogTemp: Display: Loaded TP AndroidTargetPlatform
[2023.06.13-14.35.03:256][  0]LogTemp: Display: Loaded TP AndroidTargetPlatform
[2023.06.13-14.35.03:256][  0]LogTemp: Display: Loaded TP AndroidTargetPlatform
[2023.06.13-14.35.03:256][  0]LogTemp: Display: Loaded TP AndroidTargetPlatform
[2023.06.13-14.35.03:256][  0]LogTemp: Display: Loaded TP AndroidTargetPlatform
[2023.06.13-14.35.03:258][  0]LogTemp: Display: Loaded TP HTML5TargetPlatform
[2023.06.13-14.35.03:330][  0]LogTemp: Display: Loaded TP IOSTargetPlatform
[2023.06.13-14.35.03:330][  0]LogTemp: Display: Loaded TP IOSTargetPlatform
[2023.06.13-14.35.03:353][  0]LogTemp: Display: Loaded TP TVOSTargetPlatform
[2023.06.13-14.35.03:353][  0]LogTemp: Display: Loaded TP TVOSTargetPlatform
[2023.06.13-14.35.03:366][  0]LogTemp: Display: Loaded TP LinuxClientTargetPlatform
[2023.06.13-14.35.03:380][  0]LogTemp: Display: Loaded TP LinuxNoEditorTargetPlatform
[2023.06.13-14.35.03:393][  0]LogTemp: Display: Loaded TP LinuxServerTargetPlatform
[2023.06.13-14.35.03:413][  0]LogTemp: Display: Loaded TP LinuxTargetPlatform
[2023.06.13-14.35.03:463][  0]LogTemp: Display: Loaded TP LuminTargetPlatform
[2023.06.13-14.35.03:463][  0]LogTemp: Display: Loaded TP LuminTargetPlatform
[2023.06.13-14.35.03:463][  0]LogTargetPlatformManager: Display: Building Assets For Windows
[2023.06.13-14.35.03:631][  0]LogShaderCompilers: Guid format shader working directory is -14 characters bigger than the processId version (../../../../../../Users/sphynx/Desktop/Sphynx's Aim World II/Intermediate/Shaders/WorkingDirectory/17376/).
[2023.06.13-14.35.03:631][  0]LogShaderCompilers: Cleaned the shader compiler working directory 'C:/Users/sphynx/AppData/Local/Temp/UnrealShaderWorkingDir/04493F5F4F6B0BE5817D4F8AA53E2743/'.
[2023.06.13-14.35.03:633][  0]LogXGEController: Cleaning working directory: C:/Users/sphynx/AppData/Local/Temp/UnrealXGEWorkingDir/
[2023.06.13-14.35.03:634][  0]LogXGEController: Cannot use XGE Controller as Incredibuild is not installed on this machine.
[2023.06.13-14.35.03:634][  0]LogShaderCompilers: Cannot use XGE Shader Compiler as Incredibuild is not installed on this machine.
[2023.06.13-14.35.03:634][  0]LogShaderCompilers: Display: Using Local Shader Compiler.
[2023.06.13-14.35.05:409][  0]LogDerivedDataCache: Display: Max Cache Size: 512 MB
[2023.06.13-14.35.05:488][  0]LogDerivedDataCache: Loaded boot cache 0.08s 76MB C:/Users/sphynx/AppData/Local/UnrealEngine/4.21/DerivedDataCache/Boot.ddc.
[2023.06.13-14.35.05:488][  0]LogDerivedDataCache: Display: Loaded Boot cache: C:/Users/sphynx/AppData/Local/UnrealEngine/4.21/DerivedDataCache/Boot.ddc
[2023.06.13-14.35.05:488][  0]LogDerivedDataCache: FDerivedDataBackendGraph:  Pak pak cache file ../../../../../../Users/sphynx/Desktop/Sphynx's Aim World II/DerivedDataCache/DDC.ddp not found, will not use a pak cache.
[2023.06.13-14.35.05:488][  0]LogDerivedDataCache: Unable to find inner node Pak for hierarchical cache Hierarchy.
[2023.06.13-14.35.05:488][  0]LogDerivedDataCache: FDerivedDataBackendGraph:  CompressedPak pak cache file ../../../../../../Users/sphynx/Desktop/Sphynx's Aim World II/DerivedDataCache/Compressed.ddp not found, will not use a pak cache.
[2023.06.13-14.35.05:489][  0]LogDerivedDataCache: Unable to find inner node CompressedPak for hierarchical cache Hierarchy.
[2023.06.13-14.35.05:513][  0]LogDerivedDataCache: Display: Pak cache opened for reading ../../../Engine/DerivedDataCache/Compressed.ddp.
[2023.06.13-14.35.05:514][  0]LogDerivedDataCache: FDerivedDataBackendGraph:  EnterprisePak pak cache file ../../../Enterprise/DerivedDataCache/Compressed.ddp not found, will not use a pak cache.
[2023.06.13-14.35.05:514][  0]LogDerivedDataCache: Unable to find inner node EnterprisePak for hierarchical cache Hierarchy.
[2023.06.13-14.35.05:526][  0]LogDerivedDataCache: Using Local data cache path C:/Users/sphynx/AppData/Local/UnrealEngine/Common/DerivedDataCache: Writable
[2023.06.13-14.35.05:526][  0]LogDerivedDataCache: Shared data cache path not found in *engine.ini, will not use an Shared cache.
[2023.06.13-14.35.05:526][  0]LogDerivedDataCache: Unable to find inner node Shared for hierarchical cache Hierarchy.
[2023.06.13-14.35.05:548][  0]LogMaterial: Verifying Global Shaders for PCD3D_SM5
[2023.06.13-14.35.05:553][  0]LogSlate: Using FreeType 2.6.0
[2023.06.13-14.35.05:568][  0]LogSlate: SlateFontServices - WITH_FREETYPE: 1, WITH_HARFBUZZ: 1
[2023.06.13-14.35.05:710][  0]LogAssetRegistry: FAssetRegistry took 0.0343 seconds to start up
[2023.06.13-14.35.06:423][  0]LogInit: Selected Device Profile: [Windows]
[2023.06.13-14.35.06:586][  0]LogSimplygon: Simplygon DLL not present - disabling.
[2023.06.13-14.35.06:598][  0]LogMeshReduction: Using SimplygonSwarm for distributed automatic mesh merging
[2023.06.13-14.35.06:598][  0]LogMeshReduction: Using ProxyLODMeshReduction for automatic mesh merging
[2023.06.13-14.35.06:599][  0]LogMeshReduction: Using QuadricMeshReduction for automatic static mesh reduction
[2023.06.13-14.35.06:599][  0]LogMeshReduction: No automatic skeletal mesh reduction module available
[2023.06.13-14.35.06:710][  0]LogNetVersion: Pavlov 1.0.0, NetCL: 4541578, EngineNetVer: 5, GameNetVer: 0 (Checksum: 1000105296)
[2023.06.13-14.35.07:778][  0]LogPackageLocalizationCache: Processed 14 localized package path(s) for 2 prioritized culture(s) in 0.120650 seconds
[2023.06.13-14.35.07:784][  0]LogUObjectArray: 39775 objects as part of root set at end of initial load.
[2023.06.13-14.35.07:785][  0]LogUObjectAllocator: 6914656 out of 0 bytes used by permanent object pool.
[2023.06.13-14.35.07:785][  0]LogUObjectArray: CloseDisregardForGC: 0/0 objects in disregard for GC pool
[2023.06.13-14.35.09:267][  0]LogMaterial: Display: Missing cached shader map for material BaseColor, compiling. 
[2023.06.13-14.35.09:269][  0]LogMaterial: Warning: C:\Program Files\Epic Games\UE_4.21\Engine\Content\BufferVisualization\BaseColor.uasset: Failed to compile Material for platform PCD3D_SM5, Default Material will be used in game.
[2023.06.13-14.35.09:269][  0]LogMaterial: 	(Node SceneTexture) GBuffer scene textures not available with forward shading.
[2023.06.13-14.35.09:330][  0]LogMaterial: Display: Missing cached shader map for material LightingModel, compiling. 
[2023.06.13-14.35.09:330][  0]LogMaterial: Warning: C:\Program Files\Epic Games\UE_4.21\Engine\Content\BufferVisualization\LightingModel.uasset: Failed to compile Material for platform PCD3D_SM5, Default Material will be used in game.
[2023.06.13-14.35.09:330][  0]LogMaterial: 	(Node SceneTexture) GBuffer scene textures not available with forward shading.
[2023.06.13-14.35.09:336][  0]LogMaterial: Display: Missing cached shader map for material MaterialAO, compiling. 
[2023.06.13-14.35.09:336][  0]LogMaterial: Warning: C:\Program Files\Epic Games\UE_4.21\Engine\Content\BufferVisualization\MaterialAO.uasset: Failed to compile Material for platform PCD3D_SM5, Default Material will be used in game.
[2023.06.13-14.35.09:336][  0]LogMaterial: 	(Node SceneTexture) GBuffer scene textures not available with forward shading.
[2023.06.13-14.35.09:342][  0]LogMaterial: Display: Missing cached shader map for material Metallic, compiling. 
[2023.06.13-14.35.09:342][  0]LogMaterial: Warning: C:\Program Files\Epic Games\UE_4.21\Engine\Content\BufferVisualization\Metallic.uasset: Failed to compile Material for platform PCD3D_SM5, Default Material will be used in game.
[2023.06.13-14.35.09:342][  0]LogMaterial: 	(Node SceneTexture) GBuffer scene textures not available with forward shading.
[2023.06.13-14.35.09:349][  0]LogMaterial: Display: Missing cached shader map for material Opacity, compiling. 
[2023.06.13-14.35.09:349][  0]LogMaterial: Warning: C:\Program Files\Epic Games\UE_4.21\Engine\Content\BufferVisualization\Opacity.uasset: Failed to compile Material for platform PCD3D_SM5, Default Material will be used in game.
[2023.06.13-14.35.09:349][  0]LogMaterial: 	(Node SceneTexture) GBuffer scene textures not available with forward shading.
[2023.06.13-14.35.09:356][  0]LogMaterial: Display: Missing cached shader map for material Roughness, compiling. 
[2023.06.13-14.35.09:356][  0]LogMaterial: Warning: C:\Program Files\Epic Games\UE_4.21\Engine\Content\BufferVisualization\Roughness.uasset: Failed to compile Material for platform PCD3D_SM5, Default Material will be used in game.
[2023.06.13-14.35.09:356][  0]LogMaterial: 	(Node SceneTexture) GBuffer scene textures not available with forward shading.
[2023.06.13-14.35.09:390][  0]LogMaterial: Display: Missing cached shader map for material Specular, compiling. 
[2023.06.13-14.35.09:391][  0]LogMaterial: Warning: C:\Program Files\Epic Games\UE_4.21\Engine\Content\BufferVisualization\Specular.uasset: Failed to compile Material for platform PCD3D_SM5, Default Material will be used in game.
[2023.06.13-14.35.09:391][  0]LogMaterial: 	(Node SceneTexture) GBuffer scene textures not available with forward shading.
[2023.06.13-14.35.09:397][  0]LogMaterial: Display: Missing cached shader map for material SubsurfaceColor, compiling. 
[2023.06.13-14.35.09:398][  0]LogMaterial: Warning: C:\Program Files\Epic Games\UE_4.21\Engine\Content\BufferVisualization\SubsurfaceColor.uasset: Failed to compile Material for platform PCD3D_SM5, Default Material will be used in game.
[2023.06.13-14.35.09:398][  0]LogMaterial: 	(Node SceneTexture) GBuffer scene textures not available with forward shading.
[2023.06.13-14.35.09:403][  0]LogMaterial: Display: Missing cached shader map for material WorldNormal, compiling. 
[2023.06.13-14.35.09:404][  0]LogMaterial: Warning: C:\Program Files\Epic Games\UE_4.21\Engine\Content\BufferVisualization\WorldNormal.uasset: Failed to compile Material for platform PCD3D_SM5, Default Material will be used in game.
[2023.06.13-14.35.09:404][  0]LogMaterial: 	(Node SceneTexture) GBuffer scene textures not available with forward shading.
[2023.06.13-14.35.09:502][  0]LogTcpMessaging: Initializing TcpMessaging bridge
[2023.06.13-14.35.09:517][  0]LogUdpMessaging: Initializing bridge on interface 0.0.0.0:0 to multicast group 230.0.0.1:6666.
[2023.06.13-14.35.10:157][  0]LogSteamAudio: FSteamAudioModule Startup
[2023.06.13-14.35.10:157][  0]LogSteamAudio: Attempting to load ../../../Engine/Binaries/ThirdParty/Phonon/Win64/tanrt64.dll
[2023.06.13-14.35.10:182][  0]LogSteamAudio: Loaded ../../../Engine/Binaries/ThirdParty/Phonon/Win64/tanrt64.dll.
[2023.06.13-14.35.10:182][  0]LogSteamAudio: Attempting to load ../../../Engine/Binaries/ThirdParty/Phonon/Win64/GPUUtilities.dll
[2023.06.13-14.35.10:196][  0]LogSteamAudio: Loaded ../../../Engine/Binaries/ThirdParty/Phonon/Win64/GPUUtilities.dll.
[2023.06.13-14.35.10:196][  0]LogSteamAudio: Attempting to load ../../../Engine/Binaries/ThirdParty/Phonon/Win64/phonon.dll
[2023.06.13-14.35.10:201][  0]LogSteamAudio: Loaded ../../../Engine/Binaries/ThirdParty/Phonon/Win64/phonon.dll.
[2023.06.13-14.35.10:270][  0]SourceControl: Source control is disabled
[2023.06.13-14.35.10:271][  0]SourceControl: Source control is disabled
[2023.06.13-14.35.10:276][  0]SourceControl: Source control is disabled
[2023.06.13-14.35.10:279][  0]SourceControl: Source control is disabled
[2023.06.13-14.35.10:543][  0]LogAndroidPermission: UAndroidPermissionCallbackProxy::GetInstance
[2023.06.13-14.35.10:661][  0]LogOcInput: OculusInput pre-init called
[2023.06.13-14.35.10:931][  0]LogClass: Warning: BoolProperty FPavlovGameModeProperties::bNoTeams is not initialized properly
[2023.06.13-14.35.10:931][  0]LogClass: Warning: BoolProperty FPavlovGameModeProperties::bForceNoScoring is not initialized properly
[2023.06.13-14.35.10:931][  0]LogClass: Warning: BoolProperty FPavlovGameModeProperties::bKeepPawnIfAlive is not initialized properly
[2023.06.13-14.35.10:931][  0]LogClass: Warning: BoolProperty FPavlovGameModeProperties::bDynamicSpawns is not initialized properly
[2023.06.13-14.35.10:931][  0]LogClass: Warning: BoolProperty FPavlovGameModeProperties::bSpawnGhostOnLogin is not initialized properly
[2023.06.13-14.35.10:931][  0]LogClass: Display: 5 Uninitialized script stuct members found
[2023.06.13-14.35.10:934][  0]LogAutomationTest: Warning: BoolProperty FPavlovGameModeProperties::bNoTeams is not initialized properly
[2023.06.13-14.35.10:934][  0]LogAutomationTest: Warning: BoolProperty FPavlovGameModeProperties::bForceNoScoring is not initialized properly
[2023.06.13-14.35.10:934][  0]LogAutomationTest: Warning: BoolProperty FPavlovGameModeProperties::bKeepPawnIfAlive is not initialized properly
[2023.06.13-14.35.10:934][  0]LogAutomationTest: Warning: BoolProperty FPavlovGameModeProperties::bDynamicSpawns is not initialized properly
[2023.06.13-14.35.10:935][  0]LogAutomationTest: Warning: BoolProperty FPavlovGameModeProperties::bSpawnGhostOnLogin is not initialized properly
[2023.06.13-14.35.10:941][  0]LogEngine: Initializing Engine...
[2023.06.13-14.35.10:983][  0]LogHMD: Failed to initialize OpenVR with code 126
[2023.06.13-14.35.10:988][  0]LogStats: UGameplayTagsManager::ConstructGameplayTagTree: ImportINI prefixes -  0.000 s
[2023.06.13-14.35.10:988][  0]LogStats: UGameplayTagsManager::ConstructGameplayTagTree: Construct from data asset -  0.000 s
[2023.06.13-14.35.10:988][  0]LogStats: UGameplayTagsManager::ConstructGameplayTagTree: ImportINI -  0.000 s
[2023.06.13-14.35.10:988][  0]LogStats: UGameplayTagsManager::ConstructGameplayTagTree: GameplayTagTreeChangedEvent.Broadcast -  0.000 s
[2023.06.13-14.35.11:320][  0]LogInit: Initializing FReadOnlyCVARCache
[2023.06.13-14.35.11:365][  0]LogAIModule: Creating AISystem for world Untitled
[2023.06.13-14.35.11:407][  0]LogInit: XAudio2 using 'Realtek HD Audio 2nd output (Realtek(R) Audio)' : 2 channels at 48 kHz using 32 bits per sample (channel mask 0x3)
[2023.06.13-14.35.11:424][  0]LogInit: FAudioDevice initialized.
[2023.06.13-14.35.11:425][  0]LogNetVersion: Set ProjectVersion to 1.0.0.0. Version Checksum will be recalculated on next use.
[2023.06.13-14.35.11:472][  0]LogDerivedDataCache: Saved boot cache 0.05s 76MB C:/Users/sphynx/AppData/Local/UnrealEngine/4.21/DerivedDataCache/Boot.ddc.
[2023.06.13-14.35.11:476][  0]LogInit: Texture streaming: Enabled
[2023.06.13-14.35.11:499][  0]LogEngineSessionManager: EngineSessionManager initialized
[2023.06.13-14.35.11:519][  0]LogInit: Transaction tracking system initialized
[2023.06.13-14.35.11:562][  0]BlueprintLog: New page: Editor Load
[2023.06.13-14.35.11:701][  0]LocalizationService: Localization service is disabled
[2023.06.13-14.35.12:366][  0]LogFileCache: Scanning file cache for directory 'C:/Users/sphynx/Desktop/Sphynx's Aim World II/Content/' took 0.02s
[2023.06.13-14.35.12:366][  0]LogCook: Display: Max memory allowance for cook 16384mb min free memory 0mb
[2023.06.13-14.35.12:367][  0]LogCook: Display: Mobile HDR setting 0
[2023.06.13-14.35.12:367][  0]LogGameplayTags: Display: UGameplayTagsManager::DoneAddingNativeTags. DelegateIsBound: 0
[2023.06.13-14.35.12:367][  0]LogStats: UGameplayTagsManager::ConstructGameplayTagTree: ImportINI prefixes -  0.000 s
[2023.06.13-14.35.12:367][  0]LogStats: UGameplayTagsManager::ConstructGameplayTagTree: Construct from data asset -  0.000 s
[2023.06.13-14.35.12:367][  0]LogStats: UGameplayTagsManager::ConstructGameplayTagTree: ImportINI -  0.000 s
[2023.06.13-14.35.12:367][  0]LogStats: UGameplayTagsManager::ConstructGameplayTagTree: GameplayTagTreeChangedEvent.Broadcast -  0.000 s
[2023.06.13-14.35.12:558][  0]CustomMapToolsLog: Initializing Pavlov's workshop editor plugin
[2023.06.13-14.35.12:670][  0]CustomMapToolsLog: Visiting ../../../../../../Users/sphynx/Desktop/Sphynx's Aim World II/Content/CustomMaps/UGC2842012712
[2023.06.13-14.35.12:670][  0]CustomMapToolsLog: Loaded UGC ID:2842012712
[2023.06.13-14.35.12:670][  0]CustomMapToolsLog: Visiting ../../../../../../Users/sphynx/Desktop/Sphynx's Aim World II/Content/CustomMaps/UGC2842012712
[2023.06.13-14.35.12:752][  0]SourceControl: Source control is disabled
[2023.06.13-14.35.12:753][  0]Cmd: MAP LOAD FILE="../../../../../../Users/sphynx/Desktop/Sphynx's Aim World II/Content/CustomMaps/UGC2842012712/Untitled.umap" TEMPLATE=0 SHOWPROGRESS=1 FEATURELEVEL=3
[2023.06.13-14.35.12:754][  0]LightingResults: New page: Lighting Build
[2023.06.13-14.35.12:765][  0]MapCheck: New page: Map Check
[2023.06.13-14.35.12:765][  0]LightingResults: New page: Lighting Build
[2023.06.13-14.35.15:880][  0]LogAIModule: Creating AISystem for world Untitled
[2023.06.13-14.35.15:933][  0]LogEditorServer: Finished looking for orphan Actors (0.000 secs)
[2023.06.13-14.35.15:982][  0]Cmd: MAP CHECKDEP NOCLEARLOG
[2023.06.13-14.35.15:982][  0]MapCheck: Map check complete: 0 Error(s), 0 Warning(s), took 0.313ms to complete.
[2023.06.13-14.35.15:983][  0]LogFileHelpers: Loading map 'Untitled' took 3.231
[2023.06.13-14.35.16:181][  0]LogSlate: Updating window title bar state: overlay mode, drag disabled, window buttons hidden, title bar hidden
[2023.06.13-14.35.16:189][  0]LogSlate: Updating window title bar state: overlay mode, drag disabled, window buttons hidden, title bar hidden
[2023.06.13-14.35.16:196][  0]LogSlate: Updating window title bar state: overlay mode, drag disabled, window buttons hidden, title bar hidden
[2023.06.13-14.35.16:203][  0]LogSlate: Updating window title bar state: overlay mode, drag disabled, window buttons hidden, title bar hidden
[2023.06.13-14.35.16:221][  0]LogCollectionManager: Loaded 0 collections in 0.001659 seconds
[2023.06.13-14.35.16:276][  0]LogFileCache: Scanning file cache for directory 'C:/Users/sphynx/Desktop/Sphynx's Aim World II/Saved/Collections/' took 0.01s
[2023.06.13-14.35.16:276][  0]LogFileCache: Scanning file cache for directory 'C:/Users/sphynx/Desktop/Sphynx's Aim World II/Content/Developers/sphynx/Collections/' took 0.01s
[2023.06.13-14.35.16:276][  0]LogFileCache: Scanning file cache for directory 'C:/Users/sphynx/Desktop/Sphynx's Aim World II/Content/Collections/' took 0.01s
[2023.06.13-14.35.16:276][  0]LogCollectionManager: Rebuilt the GUID cache for 0 collections in 0.000000 seconds
[2023.06.13-14.35.16:288][  0]LogContentBrowser: Native class hierarchy populated in 0.0102 seconds. Added 2713 classes and 639 folders.
[2023.06.13-14.35.16:306][  0]LogContentBrowser: Native class hierarchy updated for 'WidgetCarousel' in 0.0003 seconds. Added 0 classes and 0 folders.
[2023.06.13-14.35.16:313][  0]LogPakFile: Registered encryption key '00000000000000000000000000000000': 0 pak files mounted, 0 remain pending
[2023.06.13-14.35.16:323][  0]LogPakFile: Registered encryption key '00000000000000000000000000000000': 0 pak files mounted, 0 remain pending
[2023.06.13-14.35.16:340][  0]LogPakFile: Registered encryption key '00000000000000000000000000000000': 0 pak files mounted, 0 remain pending
[2023.06.13-14.35.16:346][  0]LogPakFile: Registered encryption key '00000000000000000000000000000000': 0 pak files mounted, 0 remain pending
[2023.06.13-14.35.16:353][  0]LogPakFile: Registered encryption key '00000000000000000000000000000000': 0 pak files mounted, 0 remain pending
[2023.06.13-14.35.16:358][  0]LogPakFile: Registered encryption key '00000000000000000000000000000000': 0 pak files mounted, 0 remain pending
[2023.06.13-14.35.16:364][  0]LogPakFile: Registered encryption key '00000000000000000000000000000000': 0 pak files mounted, 0 remain pending
[2023.06.13-14.35.16:370][  0]LogPakFile: Registered encryption key '00000000000000000000000000000000': 0 pak files mounted, 0 remain pending
[2023.06.13-14.35.16:376][  0]LogPakFile: Registered encryption key '00000000000000000000000000000000': 0 pak files mounted, 0 remain pending
[2023.06.13-14.35.16:383][  0]LogPakFile: Registered encryption key '00000000000000000000000000000000': 0 pak files mounted, 0 remain pending
[2023.06.13-14.35.16:388][  0]LogPakFile: Registered encryption key '00000000000000000000000000000000': 0 pak files mounted, 0 remain pending
[2023.06.13-14.35.16:393][  0]LogPakFile: Registered encryption key '00000000000000000000000000000000': 0 pak files mounted, 0 remain pending
[2023.06.13-14.35.16:398][  0]LogPakFile: Registered encryption key '00000000000000000000000000000000': 0 pak files mounted, 0 remain pending
[2023.06.13-14.35.16:402][  0]LogPakFile: Registered encryption key '00000000000000000000000000000000': 0 pak files mounted, 0 remain pending
[2023.06.13-14.35.16:407][  0]LogPakFile: Registered encryption key '00000000000000000000000000000000': 0 pak files mounted, 0 remain pending
[2023.06.13-14.35.16:411][  0]LogPakFile: Registered encryption key '00000000000000000000000000000000': 0 pak files mounted, 0 remain pending
[2023.06.13-14.35.16:431][  0]LogPakFile: Registered encryption key '00000000000000000000000000000000': 0 pak files mounted, 0 remain pending
[2023.06.13-14.35.16:437][  0]LogPakFile: Registered encryption key '00000000000000000000000000000000': 0 pak files mounted, 0 remain pending
[2023.06.13-14.35.16:442][  0]LogPakFile: Registered encryption key '00000000000000000000000000000000': 0 pak files mounted, 0 remain pending
[2023.06.13-14.35.16:447][  0]LogPakFile: Registered encryption key '00000000000000000000000000000000': 0 pak files mounted, 0 remain pending
[2023.06.13-14.35.16:468][  0]LogPakFile: Registered encryption key '00000000000000000000000000000000': 0 pak files mounted, 0 remain pending
[2023.06.13-14.35.16:473][  0]LogPakFile: Registered encryption key '00000000000000000000000000000000': 0 pak files mounted, 0 remain pending
[2023.06.13-14.35.16:478][  0]LogPakFile: Registered encryption key '00000000000000000000000000000000': 0 pak files mounted, 0 remain pending
[2023.06.13-14.35.16:482][  0]LogPakFile: Registered encryption key '00000000000000000000000000000000': 0 pak files mounted, 0 remain pending
[2023.06.13-14.35.16:486][  0]LogPakFile: Registered encryption key '00000000000000000000000000000000': 0 pak files mounted, 0 remain pending
[2023.06.13-14.35.16:491][  0]LogPakFile: Registered encryption key '00000000000000000000000000000000': 0 pak files mounted, 0 remain pending
[2023.06.13-14.35.16:618][  0]LogContentBrowser: Native class hierarchy updated for 'AddContentDialog' in 0.0002 seconds. Added 0 classes and 0 folders.
[2023.06.13-14.35.16:627][  0]LogContentBrowser: Native class hierarchy updated for 'SceneOutliner' in 0.0003 seconds. Added 1 classes and 2 folders.
[2023.06.13-14.35.16:790][  0]LogSlate: Took 0.005771 seconds to synchronously load lazily loaded font '../../../Engine/Content/Slate/Fonts/Roboto-Regular.ttf' (155K)
[2023.06.13-14.35.16:796][  0]LogSlate: Took 0.004131 seconds to synchronously load lazily loaded font '../../../Engine/Content/Slate/Fonts/Roboto-Bold.ttf' (160K)
[2023.06.13-14.35.16:805][  0]LogSlate: Took 0.003502 seconds to synchronously load lazily loaded font '../../../Engine/Content/Editor/Slate/Fonts/FontAwesome.ttf' (139K)
[2023.06.13-14.35.16:920][  0]LogRenderer: Reallocating scene render targets to support 1024x1024 Format 10 NumSamples 4 (Frame:1).
[2023.06.13-14.35.16:953][  0]LogRenderer: Reallocating scene render targets to support 1052x1024 Format 9 NumSamples 4 (Frame:1).
[2023.06.13-14.35.17:087][  0]LogContentBrowser: Native class hierarchy updated for 'HierarchicalLODOutliner' in 0.0003 seconds. Added 0 classes and 0 folders.
[2023.06.13-14.35.17:087][  0]LogLoad: (Engine Initialization) Total time: 22.48 seconds
[2023.06.13-14.35.17:087][  0]LogLoad: (Engine Initialization) Total Blueprint compile time: 0.00 seconds
[2023.06.13-14.35.17:182][  0]LogContentStreaming: Texture pool size now 2500 MB
[2023.06.13-14.35.17:224][  0]LogSlate: Took 0.004656 seconds to synchronously load lazily loaded font '../../../Engine/Content/Slate/Fonts/Roboto-Light.ttf' (167K)
[2023.06.13-14.35.17:754][  8]LogSlate: FSceneViewport::OnFocusLost() reason 0
[2023.06.13-14.35.17:877][  9]LogSlate: Window 'Pavlov - Unreal Editor' being destroyed
[2023.06.13-14.35.17:878][  9]LogWindowsTextInputMethodSystem: Display: IME system now deactivated.
[2023.06.13-14.35.18:101][ 10]Cmd: QUIT_EDITOR
[2023.06.13-14.35.18:128][ 10]LogExit: Preparing to exit.
[2023.06.13-14.35.18:652][ 10]LogExit: Editor shut down
[2023.06.13-14.35.18:652][ 10]LogExit: Transaction tracking system shut down
[2023.06.13-14.35.18:958][ 10]LogExit: Object subsystem successfully closed.
[2023.06.13-14.35.19:055][ 10]LogShaderCompilers: Display: Shaders left to compile 0
[2023.06.13-14.35.19:067][ 10]LogD3D11RHI: Shutdown
[2023.06.13-14.35.19:067][ 10]LogD3D11RHI: CleanupD3DDevice
[2023.06.13-14.35.19:096][ 10]LogD3D11RHI: ~FD3D11DynamicRHI
[2023.06.13-14.35.19:128][ 10]LogModuleManager: Shutting down and abandoning module HierarchicalLODOutliner (638)
[2023.06.13-14.35.19:128][ 10]LogModuleManager: Shutting down and abandoning module SceneOutliner (636)
[2023.06.13-14.35.19:128][ 10]LogModuleManager: Shutting down and abandoning module AddContentDialog (634)
[2023.06.13-14.35.19:128][ 10]LogModuleManager: Shutting down and abandoning module WidgetCarousel (633)
[2023.06.13-14.35.19:128][ 10]LogModuleManager: Shutting down and abandoning module EditorWidgets (630)
[2023.06.13-14.35.19:128][ 10]LogModuleManager: Shutting down and abandoning module CollectionManager (628)
[2023.06.13-14.35.19:129][ 10]LogModuleManager: Shutting down and abandoning module StatsViewer (626)
[2023.06.13-14.35.19:129][ 10]LogModuleManager: Shutting down and abandoning module FoliageEdit (624)
[2023.06.13-14.35.19:129][ 10]LogModuleManager: Shutting down and abandoning module LandscapeEditor (622)
[2023.06.13-14.35.19:130][ 10]LogModuleManager: Shutting down and abandoning module MeshPaintMode (620)
[2023.06.13-14.35.19:130][ 10]LogModuleManager: Shutting down and abandoning module SceneDepthPickerMode (618)
[2023.06.13-14.35.19:130][ 10]LogModuleManager: Shutting down and abandoning module ActorPickerMode (616)
[2023.06.13-14.35.19:130][ 10]LogModuleManager: Shutting down and abandoning module GeometryMode (614)
[2023.06.13-14.35.19:130][ 10]LogModuleManager: Shutting down and abandoning module TextureAlignMode (612)
[2023.06.13-14.35.19:130][ 10]LogModuleManager: Shutting down and abandoning module BspMode (610)
[2023.06.13-14.35.19:130][ 10]LogModuleManager: Shutting down and abandoning module PIEPreviewDeviceProfileSelector (608)
[2023.06.13-14.35.19:131][ 10]LogModuleManager: Shutting down and abandoning module SequenceRecorderSections (606)
[2023.06.13-14.35.19:131][ 10]LogModuleManager: Shutting down and abandoning module AutomationWorker (604)
[2023.06.13-14.35.19:131][ 10]LogModuleManager: Shutting down and abandoning module CustomMapTools (602)
[2023.06.13-14.35.19:132][ 10]LogModuleManager: Shutting down and abandoning module SteamAudioEditor (600)
[2023.06.13-14.35.19:132][ 10]LogModuleManager: Shutting down and abandoning module AudioCaptureEditor (598)
[2023.06.13-14.35.19:132][ 10]LogModuleManager: Shutting down and abandoning module MatineeToLevelSequence (596)
[2023.06.13-14.35.19:132][ 10]LogModuleManager: Shutting down and abandoning module LevelSequenceEditor (594)
[2023.06.13-14.35.19:133][ 10]LogModuleManager: Shutting down and abandoning module PlacementMode (593)
[2023.06.13-14.35.19:133][ 10]LogModuleManager: Shutting down and abandoning module MaterialEditor (592)
[2023.06.13-14.35.19:135][ 10]LogModuleManager: Shutting down and abandoning module WmfMediaFactory (588)
[2023.06.13-14.35.19:135][ 10]LogModuleManager: Shutting down and abandoning module WmfMediaEditor (586)
[2023.06.13-14.35.19:135][ 10]LogModuleManager: Shutting down and abandoning module WebMMediaFactory (584)
[2023.06.13-14.35.19:135][ 10]LogModuleManager: Shutting down and abandoning module WebMMediaEditor (582)
[2023.06.13-14.35.19:135][ 10]LogModuleManager: Shutting down and abandoning module WebMMedia (580)
[2023.06.13-14.35.19:135][ 10]LogModuleManager: Shutting down and abandoning module MediaPlayerEditor (578)
[2023.06.13-14.35.19:136][ 10]LogModuleManager: Shutting down and abandoning module MediaCompositingEditor (576)
[2023.06.13-14.35.19:136][ 10]LogModuleManager: Shutting down and abandoning module SequenceRecorder (575)
[2023.06.13-14.35.19:136][ 10]LogModuleManager: Shutting down and abandoning module OpenExrWrapper (572)
[2023.06.13-14.35.19:136][ 10]LogModuleManager: Shutting down and abandoning module ImgMediaFactory (570)
[2023.06.13-14.35.19:136][ 10]LogModuleManager: Shutting down and abandoning module ImgMediaEditor (568)
[2023.06.13-14.35.19:136][ 10]LogModuleManager: Shutting down and abandoning module AvfMediaFactory (566)
[2023.06.13-14.35.19:136][ 10]LogModuleManager: Shutting down and abandoning module AvfMediaEditor (564)
[2023.06.13-14.35.19:136][ 10]LogModuleManager: Shutting down and abandoning module AndroidMediaFactory (562)
[2023.06.13-14.35.19:136][ 10]LogModuleManager: Shutting down and abandoning module AndroidMediaEditor (560)
[2023.06.13-14.35.19:136][ 10]LogModuleManager: Shutting down and abandoning module MagicLeapCameraPreviewFactory (558)
[2023.06.13-14.35.19:136][ 10]LogModuleManager: Shutting down and abandoning module MagicLeapMediaFactory (556)
[2023.06.13-14.35.19:136][ 10]LogModuleManager: Shutting down and abandoning module MagicLeapMediaEditor (554)
[2023.06.13-14.35.19:136][ 10]LogModuleManager: Shutting down and abandoning module CharacterAI (552)
[2023.06.13-14.35.19:136][ 10]LogModuleManager: Shutting down and abandoning module SmartSnapping (550)
[2023.06.13-14.35.19:136][ 10]LogModuleManager: Shutting down and abandoning module SessionServices (548)
[2023.06.13-14.35.19:136][ 10]LogModuleManager: Shutting down and abandoning module ViewportSnapping (546)
[2023.06.13-14.35.19:136][ 10]LogModuleManager: Shutting down and abandoning module ViewportInteraction (544)
[2023.06.13-14.35.19:136][ 10]LogModuleManager: Shutting down and abandoning module ClothPainter (542)
[2023.06.13-14.35.19:137][ 10]LogModuleManager: Shutting down and abandoning module SkeletalMeshEditor (541)
[2023.06.13-14.35.19:137][ 10]LogModuleManager: Shutting down and abandoning module LogVisualizer (538)
[2023.06.13-14.35.19:138][ 10]LogModuleManager: Shutting down and abandoning module IntroTutorials (536)
[2023.06.13-14.35.19:139][ 10]LogModuleManager: Shutting down and abandoning module GameProjectGeneration (535)
[2023.06.13-14.35.19:140][ 10]LogModuleManager: Shutting down and abandoning module LuminPlatformEditor (532)
[2023.06.13-14.35.19:140][ 10]LogModuleManager: Shutting down and abandoning module IOSPlatformEditor (530)
[2023.06.13-14.35.19:140][ 10]LogModuleManager: Shutting down and abandoning module HTML5PlatformEditor (528)
[2023.06.13-14.35.19:140][ 10]LogModuleManager: Shutting down and abandoning module AndroidPlatformEditor (526)
[2023.06.13-14.35.19:140][ 10]LogModuleManager: Shutting down and abandoning module AndroidDeviceDetection (525)
[2023.06.13-14.35.19:898][ 10]LogModuleManager: Shutting down and abandoning module WindowsPlatformEditor (522)
[2023.06.13-14.35.19:898][ 10]LogModuleManager: Shutting down and abandoning module LuminRuntimeSettings (520)
[2023.06.13-14.35.19:898][ 10]LogModuleManager: Shutting down and abandoning module IOSRuntimeSettings (518)
[2023.06.13-14.35.19:898][ 10]LogModuleManager: Shutting down and abandoning module AndroidRuntimeSettings (516)
[2023.06.13-14.35.19:898][ 10]LogModuleManager: Shutting down and abandoning module TimeManagementEditor (514)
[2023.06.13-14.35.19:898][ 10]LogModuleManager: Shutting down and abandoning module InputBindingEditor (512)
[2023.06.13-14.35.19:899][ 10]LogModuleManager: Shutting down and abandoning module MergeActors (510)
[2023.06.13-14.35.19:899][ 10]LogModuleManager: Shutting down and abandoning module LocalizationDashboard (508)
[2023.06.13-14.35.19:900][ 10]LogModuleManager: Shutting down and abandoning module LocalizationService (507)
[2023.06.13-14.35.19:900][ 10]LogModuleManager: Shutting down and abandoning module HardwareTargeting (504)
[2023.06.13-14.35.19:900][ 10]LogModuleManager: Shutting down and abandoning module DeviceProfileEditor (502)
[2023.06.13-14.35.19:900][ 10]LogModuleManager: Shutting down and abandoning module UndoHistory (500)
[2023.06.13-14.35.19:900][ 10]LogModuleManager: Shutting down and abandoning module XmlParser (498)
[2023.06.13-14.35.19:900][ 10]LogModuleManager: Shutting down and abandoning module Blutility (496)
[2023.06.13-14.35.19:900][ 10]LogModuleManager: Shutting down and abandoning module ProjectSettingsViewer (494)
[2023.06.13-14.35.19:900][ 10]LogModuleManager: Shutting down and abandoning module ProjectTargetPlatformEditor (493)
[2023.06.13-14.35.19:901][ 10]LogModuleManager: Shutting down and abandoning module EditorSettingsViewer (490)
[2023.06.13-14.35.19:901][ 10]LogModuleManager: Shutting down and abandoning module SettingsEditor (488)
[2023.06.13-14.35.19:901][ 10]LogModuleManager: Shutting down and abandoning module ProjectLauncher (486)
[2023.06.13-14.35.19:901][ 10]LogModuleManager: Shutting down and abandoning module SessionFrontend (484)
[2023.06.13-14.35.19:901][ 10]LogModuleManager: Shutting down and abandoning module ProfilerClient (482)
[2023.06.13-14.35.19:901][ 10]LogModuleManager: Shutting down and abandoning module DeviceManager (480)
[2023.06.13-14.35.19:901][ 10]LogModuleManager: Shutting down and abandoning module TargetDeviceServices (479)
[2023.06.13-14.35.19:946][ 10]LogModuleManager: Shutting down and abandoning module AutomationController (476)
[2023.06.13-14.35.19:946][ 10]LogModuleManager: Shutting down and abandoning module AutomationWindow (474)
[2023.06.13-14.35.19:947][ 10]LogModuleManager: Shutting down and abandoning module Layers (472)
[2023.06.13-14.35.19:947][ 10]LogModuleManager: Shutting down and abandoning module ComponentVisualizers (470)
[2023.06.13-14.35.19:947][ 10]LogModuleManager: Shutting down and abandoning module DetailCustomizations (468)
[2023.06.13-14.35.19:948][ 10]LogModuleManager: Shutting down and abandoning module PackagesDialog (466)
[2023.06.13-14.35.19:948][ 10]LogModuleManager: Shutting down and abandoning module Persona (464)
[2023.06.13-14.35.19:949][ 10]LogModuleManager: Shutting down and abandoning module AdvancedPreviewScene (463)
[2023.06.13-14.35.19:949][ 10]LogModuleManager: Shutting down and abandoning module AnimGraph (461)
[2023.06.13-14.35.19:949][ 10]LogModuleManager: Shutting down and abandoning module Kismet (458)
[2023.06.13-14.35.19:953][ 10]LogModuleManager: Shutting down and abandoning module GraphEditor (456)
[2023.06.13-14.35.19:954][ 10]LogModuleManager: Shutting down and abandoning module ClassViewer (454)
[2023.06.13-14.35.19:954][ 10]LogModuleManager: Shutting down and abandoning module Toolbox (452)
[2023.06.13-14.35.19:954][ 10]LogModuleManager: Shutting down and abandoning module ModuleUI (450)
[2023.06.13-14.35.19:954][ 10]LogModuleManager: Shutting down and abandoning module MovieSceneTools (448)
[2023.06.13-14.35.19:954][ 10]LogModuleManager: Shutting down and abandoning module OutputLog (446)
[2023.06.13-14.35.19:954][ 10]LogModuleManager: Shutting down and abandoning module GammaUI (444)
[2023.06.13-14.35.19:954][ 10]LogModuleManager: Shutting down and abandoning module Documentation (442)
[2023.06.13-14.35.19:954][ 10]LogModuleManager: Shutting down and abandoning module MovieSceneTracks (440)
[2023.06.13-14.35.19:954][ 10]LogModuleManager: Shutting down and abandoning module MovieScene (438)
[2023.06.13-14.35.19:954][ 10]LogModuleManager: Shutting down and abandoning module StreamingPauseRendering (436)
[2023.06.13-14.35.19:954][ 10]LogModuleManager: Shutting down and abandoning module LauncherPlatform (434)
[2023.06.13-14.35.19:954][ 10]LogModuleManager: Shutting down and abandoning module AnalyticsET (432)
[2023.06.13-14.35.19:954][ 10]LogModuleManager: Shutting down and abandoning module PortalServices (430)
[2023.06.13-14.35.19:954][ 10]LogModuleManager: Shutting down and abandoning module PortalRpc (428)
[2023.06.13-14.35.19:954][ 10]LogModuleManager: Shutting down and abandoning module MessagingRpc (426)
[2023.06.13-14.35.19:954][ 10]LogModuleManager: Shutting down and abandoning module AIModule (424)
[2023.06.13-14.35.19:955][ 10]LogModuleManager: Shutting down and abandoning module GameplayDebugger (423)
[2023.06.13-14.35.19:955][ 10]LogModuleManager: Shutting down and abandoning module AITestSuite (421)
[2023.06.13-14.35.19:955][ 10]LogModuleManager: Shutting down and abandoning module NavigationSystem (419)
[2023.06.13-14.35.19:955][ 10]LogModuleManager: Shutting down and abandoning module DesktopPlatform (416)
[2023.06.13-14.35.19:955][ 10]LogModuleManager: Shutting down and abandoning module ImageWriteQueue (414)
[2023.06.13-14.35.19:957][ 10]LogModuleManager: Shutting down and abandoning module ProfilerService (412)
[2023.06.13-14.35.20:021][ 10]LogModuleManager: Shutting down and abandoning module TaskGraph (410)
[2023.06.13-14.35.20:022][ 10]LogModuleManager: Shutting down and abandoning module JsonUtils (408)
[2023.06.13-14.35.20:022][ 10]LogModuleManager: Shutting down and abandoning module PavlovProxy (406)
[2023.06.13-14.35.20:022][ 10]LogModuleManager: Shutting down and abandoning module SteamVRController (404)
[2023.06.13-14.35.20:022][ 10]LogModuleManager: Shutting down and abandoning module ProceduralMeshComponentEditor (402)
[2023.06.13-14.35.20:022][ 10]LogModuleManager: Shutting down and abandoning module ProceduralMeshComponent (400)
[2023.06.13-14.35.20:022][ 10]LogModuleManager: Shutting down and abandoning module OculusInput (398)
[2023.06.13-14.35.20:022][ 10]LogModuleManager: Shutting down and abandoning module MobilePatchingUtils (396)
[2023.06.13-14.35.20:022][ 10]LogModuleManager: Shutting down and abandoning module EditableMesh (394)
[2023.06.13-14.35.20:022][ 10]LogModuleManager: Shutting down and abandoning module CustomMeshComponent (392)
[2023.06.13-14.35.20:022][ 10]LogModuleManager: Shutting down and abandoning module CableComponent (390)
[2023.06.13-14.35.20:022][ 10]LogModuleManager: Shutting down and abandoning module AudioCapture (388)
[2023.06.13-14.35.20:023][ 10]LogModuleManager: Shutting down and abandoning module ArchVisCharacter (386)
[2023.06.13-14.35.20:023][ 10]LogModuleManager: Shutting down and abandoning module AndroidPermission (384)
[2023.06.13-14.35.20:023][ 10]LogModuleManager: Shutting down and abandoning module NUTUnrealEngine4 (382)
[2023.06.13-14.35.20:023][ 10]LogModuleManager: Shutting down and abandoning module NetcodeUnitTest (380)
[2023.06.13-14.35.20:023][ 10]LogModuleManager: Shutting down and abandoning module MediaCompositing (378)
[2023.06.13-14.35.20:023][ 10]LogModuleManager: Shutting down and abandoning module LinearTimecode (376)
[2023.06.13-14.35.20:023][ 10]LogModuleManager: Shutting down and abandoning module ImgMedia (374)
[2023.06.13-14.35.20:026][ 10]LogModuleManager: Shutting down and abandoning module HTML5Networking (372)
[2023.06.13-14.35.20:026][ 10]LogModuleManager: Shutting down and abandoning module GeometryCacheTracks (370)
[2023.06.13-14.35.20:026][ 10]LogModuleManager: Shutting down and abandoning module GeometryCacheSequencer (368)
[2023.06.13-14.35.20:026][ 10]LogModuleManager: Shutting down and abandoning module BackChannel (366)
[2023.06.13-14.35.20:026][ 10]LogModuleManager: Shutting down and abandoning module AppleVision (364)
[2023.06.13-14.35.20:026][ 10]LogModuleManager: Shutting down and abandoning module AppleImageUtilsBlueprintSupport (362)
[2023.06.13-14.35.20:026][ 10]LogModuleManager: Shutting down and abandoning module AppleImageUtils (360)
[2023.06.13-14.35.20:026][ 10]LogModuleManager: Shutting down and abandoning module AlembicImporter (358)
[2023.06.13-14.35.20:026][ 10]LogModuleManager: Shutting down and abandoning module AlembicLibrary (357)
[2023.06.13-14.35.20:026][ 10]LogModuleManager: Shutting down and abandoning module GeometryCache (356)
[2023.06.13-14.35.20:026][ 10]LogModuleManager: Shutting down and abandoning module GeometryCacheEd (355)
[2023.06.13-14.35.20:026][ 10]LogModuleManager: Shutting down and abandoning module VariantManagerContent (350)
[2023.06.13-14.35.20:026][ 10]LogModuleManager: Shutting down and abandoning module DatasmithContentEditor (348)
[2023.06.13-14.35.20:026][ 10]LogModuleManager: Shutting down and abandoning module SpeedTreeImporter (346)
[2023.06.13-14.35.20:026][ 10]LogModuleManager: Shutting down and abandoning module PluginBrowser (344)
[2023.06.13-14.35.20:027][ 10]LogModuleManager: Shutting down and abandoning module MobileLauncherProfileWizard (342)
[2023.06.13-14.35.20:028][ 10]LogModuleManager: Shutting down and abandoning module PolygonModeling (340)
[2023.06.13-14.35.20:028][ 10]LogModuleManager: Shutting down and abandoning module MeshEditor (338)
[2023.06.13-14.35.20:028][ 10]LogModuleManager: Shutting down and abandoning module CryptoKeysOpenSSL (336)
[2023.06.13-14.35.20:028][ 10]LogModuleManager: Shutting down and abandoning module CryptoKeys (334)
[2023.06.13-14.35.20:028][ 10]LogModuleManager: Shutting down and abandoning module VisualStudioSourceCodeAccess (332)
[2023.06.13-14.35.20:028][ 10]LogModuleManager: Shutting down and abandoning module VisualStudioCodeSourceCodeAccess (330)
[2023.06.13-14.35.20:028][ 10]LogModuleManager: Shutting down and abandoning module UObjectPlugin (328)
[2023.06.13-14.35.20:028][ 10]LogModuleManager: Shutting down and abandoning module SubversionSourceControl (326)
[2023.06.13-14.35.20:028][ 10]LogModuleManager: Shutting down and abandoning module PerforceSourceControl (324)
[2023.06.13-14.35.20:029][ 10]LogModuleManager: Shutting down and abandoning module GitSourceControl (322)
[2023.06.13-14.35.20:030][ 10]LogModuleManager: Shutting down and abandoning module SourceControl (321)
[2023.06.13-14.35.20:030][ 10]LogModuleManager: Shutting down and abandoning module CLionSourceCodeAccess (318)
[2023.06.13-14.35.20:030][ 10]LogModuleManager: Shutting down and abandoning module ActorLayerUtilitiesEditor (316)
[2023.06.13-14.35.20:030][ 10]LogModuleManager: Shutting down and abandoning module ActorLayerUtilities (314)
[2023.06.13-14.35.20:030][ 10]LogModuleManager: Shutting down and abandoning module LightPropagationVolumeEditor (312)
[2023.06.13-14.35.20:030][ 10]LogModuleManager: Shutting down and abandoning module PaperTiledImporter (310)
[2023.06.13-14.35.20:030][ 10]LogModuleManager: Shutting down and abandoning module PaperSpriteSheetImporter (308)
[2023.06.13-14.35.20:030][ 10]LogModuleManager: Shutting down and abandoning module Paper2DEditor (306)
[2023.06.13-14.35.20:031][ 10]LogModuleManager: Shutting down and abandoning module MeshPaint (305)
[2023.06.13-14.35.20:031][ 10]LogModuleManager: Shutting down and abandoning module SteamAudio (302)
[2023.06.13-14.35.20:031][ 10]LogSteamAudio: FSteamAudioModule Shutdown
[2023.06.13-14.35.20:032][ 10]LogModuleManager: Shutting down and abandoning module RuntimePhysXCooking (300)
[2023.06.13-14.35.20:032][ 10]LogModuleManager: Shutting down and abandoning module PhysXVehiclesEditor (298)
[2023.06.13-14.35.20:032][ 10]LogModuleManager: Shutting down and abandoning module PhysXVehicles (296)
[2023.06.13-14.35.20:032][ 10]LogModuleManager: Shutting down and abandoning module OculusEditor (294)
[2023.06.13-14.35.20:033][ 10]LogModuleManager: Shutting down and abandoning module LocationServicesBPLibrary (292)
[2023.06.13-14.35.20:033][ 10]LogModuleManager: Shutting down and abandoning module ApexDestructionEditor (290)
[2023.06.13-14.35.20:033][ 10]LogModuleManager: Shutting down and abandoning module ApexDestruction (288)
[2023.06.13-14.35.20:033][ 10]LogModuleManager: Shutting down and abandoning module ActorSequence (286)
[2023.06.13-14.35.20:033][ 10]LogModuleManager: Shutting down and abandoning module UdpMessaging (284)
[2023.06.13-14.35.20:134][ 10]LogModuleManager: Shutting down and abandoning module TcpMessaging (282)
[2023.06.13-14.35.20:235][ 10]LogModuleManager: Shutting down and abandoning module MagicLeapAudio (280)
[2023.06.13-14.35.20:235][ 10]LogModuleManager: Shutting down and abandoning module GameplayTagsEditor (278)
[2023.06.13-14.35.20:235][ 10]LogModuleManager: Shutting down and abandoning module FacialAnimationEditor (276)
[2023.06.13-14.35.20:235][ 10]LogModuleManager: Shutting down and abandoning module FacialAnimation (274)
[2023.06.13-14.35.20:235][ 10]LogModuleManager: Shutting down and abandoning module DataValidation (272)
[2023.06.13-14.35.20:235][ 10]LogModuleManager: Shutting down and abandoning module AssetManagerEditor (270)
[2023.06.13-14.35.20:235][ 10]LogModuleManager: Shutting down and abandoning module LevelEditor (269)
[2023.06.13-14.35.20:236][ 10]LogModuleManager: Shutting down and abandoning module PixelInspectorModule (268)
[2023.06.13-14.35.20:236][ 10]LogModuleManager: Shutting down and abandoning module CommonMenuExtensions (266)
[2023.06.13-14.35.20:236][ 10]LogModuleManager: Shutting down and abandoning module MainFrame (264)
[2023.06.13-14.35.20:236][ 10]LogModuleManager: Shutting down and abandoning module HotReload (263)
[2023.06.13-14.35.20:237][ 10]LogModuleManager: Shutting down and abandoning module ContentBrowser (259)
[2023.06.13-14.35.20:238][ 10]LogModuleManager: Shutting down and abandoning module TreeMap (257)
[2023.06.13-14.35.20:238][ 10]LogModuleManager: Shutting down and abandoning module LightPropagationVolumeRuntime (254)
[2023.06.13-14.35.20:238][ 10]LogModuleManager: Shutting down and abandoning module AISupportModule (252)
[2023.06.13-14.35.20:238][ 10]LogModuleManager: Shutting down and abandoning module Paper2D (250)
[2023.06.13-14.35.20:238][ 10]LogModuleManager: Shutting down and abandoning module WindowsMoviePlayer (248)
[2023.06.13-14.35.20:238][ 10]LogModuleManager: Shutting down and abandoning module WebMMoviePlayer (246)
[2023.06.13-14.35.20:238][ 10]LogModuleManager: Shutting down and abandoning module WmfMedia (244)
[2023.06.13-14.35.20:240][ 10]LogModuleManager: Shutting down and abandoning module Media (243)
[2023.06.13-14.35.20:246][ 10]LogModuleManager: Shutting down and abandoning module PacketHandler (240)
[2023.06.13-14.35.20:246][ 10]LogModuleManager: Shutting down and abandoning module ClothingSystemEditor (238)
[2023.06.13-14.35.20:246][ 10]LogModuleManager: Shutting down and abandoning module ClothingSystemRuntime (236)
[2023.06.13-14.35.20:246][ 10]LogModuleManager: Shutting down and abandoning module MediaAssets (234)
[2023.06.13-14.35.20:246][ 10]LogModuleManager: Shutting down and abandoning module Overlay (232)
[2023.06.13-14.35.20:246][ 10]LogModuleManager: Shutting down and abandoning module OverlayEditor (231)
[2023.06.13-14.35.20:246][ 10]LogModuleManager: Shutting down and abandoning module EnvironmentQueryEditor (228)
[2023.06.13-14.35.20:247][ 10]LogModuleManager: Shutting down and abandoning module VREditor (226)
[2023.06.13-14.35.20:247][ 10]LogModuleManager: Shutting down and abandoning module StringTableEditor (224)
[2023.06.13-14.35.20:247][ 10]LogModuleManager: Shutting down and abandoning module GameplayTasksEditor (222)
[2023.06.13-14.35.20:247][ 10]LogModuleManager: Shutting down and abandoning module BehaviorTreeEditor (220)
[2023.06.13-14.35.20:248][ 10]LogModuleManager: Shutting down and abandoning module FunctionalTesting (218)
[2023.06.13-14.35.20:248][ 10]LogModuleManager: Shutting down and abandoning module CollisionAnalyzer (216)
[2023.06.13-14.35.20:249][ 10]LogModuleManager: Shutting down and abandoning module WorkspaceMenuStructure (215)
[2023.06.13-14.35.20:249][ 10]LogModuleManager: Shutting down and abandoning module UMG (212)
[2023.06.13-14.35.20:249][ 10]LogModuleManager: Shutting down and abandoning module UMGEditor (211)
[2023.06.13-14.35.20:249][ 10]LogModuleManager: Shutting down and abandoning module Sequencer (210)
[2023.06.13-14.35.20:251][ 10]LogModuleManager: Shutting down and abandoning module MessageLog (207)
[2023.06.13-14.35.20:251][ 10]LogModuleManager: Shutting down and abandoning module SlateReflector (202)
[2023.06.13-14.35.20:252][ 10]LogModuleManager: Shutting down and abandoning module Slate (200)
[2023.06.13-14.35.20:252][ 10]LogModuleManager: Shutting down and abandoning module EditorStyle (198)
[2023.06.13-14.35.20:253][ 10]LogModuleManager: Shutting down and abandoning module MRMesh (196)
[2023.06.13-14.35.20:253][ 10]LogModuleManager: Shutting down and abandoning module SourceCodeAccess (194)
[2023.06.13-14.35.20:253][ 10]LogModuleManager: Shutting down and abandoning module HeadMountedDisplay (192)
[2023.06.13-14.35.20:254][ 10]LogModuleManager: Shutting down and abandoning module XAudio2 (190)
[2023.06.13-14.35.20:254][ 10]LogModuleManager: Shutting down and abandoning module Networking (188)
[2023.06.13-14.35.20:254][ 10]LogModuleManager: Shutting down and abandoning module Core (186)
[2023.06.13-14.35.20:254][ 10]LogModuleManager: Shutting down and abandoning module LevelSequence (184)
[2023.06.13-14.35.20:254][ 10]LogModuleManager: Shutting down and abandoning module KismetCompiler (182)
[2023.06.13-14.35.20:254][ 10]LogModuleManager: Shutting down and abandoning module MeshUtilities (180)
[2023.06.13-14.35.20:254][ 10]LogModuleManager: Shutting down and abandoning module MeshMergeUtilities (179)
[2023.06.13-14.35.20:254][ 10]LogModuleManager: Shutting down and abandoning module MeshReductionInterface (178)
[2023.06.13-14.35.20:254][ 10]LogModuleManager: Shutting down and abandoning module SimplygonSwarm (177)
[2023.06.13-14.35.20:254][ 10]LogModuleManager: Shutting down and abandoning module ProxyLODMeshReduction (175)
[2023.06.13-14.35.20:255][ 10]LogModuleManager: Shutting down and abandoning module SimplygonMeshReduction (173)
[2023.06.13-14.35.20:255][ 10]LogModuleManager: Shutting down and abandoning module QuadricMeshReduction (171)
[2023.06.13-14.35.20:255][ 10]LogModuleManager: Shutting down and abandoning module MaterialBaking (167)
[2023.06.13-14.35.20:256][ 10]LogModuleManager: Shutting down and abandoning module DirectoryWatcher (163)
[2023.06.13-14.35.20:256][ 10]LogModuleManager: Shutting down and abandoning module DerivedDataCache (160)
[2023.06.13-14.35.20:527][ 10]LogDerivedDataCache: Shutdown
[2023.06.13-14.35.20:527][ 10]LogModuleManager: Shutting down and abandoning module XGEController (158)
[2023.06.13-14.35.20:527][ 10]LogXGEController: Cleaning working directory: C:/Users/sphynx/AppData/Local/Temp/UnrealXGEWorkingDir/
[2023.06.13-14.35.20:527][ 10]LogModuleManager: Shutting down and abandoning module TargetPlatform (156)
[2023.06.13-14.35.20:527][ 10]LogModuleManager: Shutting down and abandoning module VulkanShaderFormat (155)
[2023.06.13-14.35.20:527][ 10]LogModuleManager: Shutting down and abandoning module ShaderFormatVectorVM (153)
[2023.06.13-14.35.20:528][ 10]LogModuleManager: Shutting down and abandoning module ShaderFormatOpenGL (151)
[2023.06.13-14.35.20:528][ 10]LogModuleManager: Shutting down and abandoning module ShaderFormatD3D (149)
[2023.06.13-14.35.20:528][ 10]LogModuleManager: Shutting down and abandoning module MetalShaderFormat (147)
[2023.06.13-14.35.20:528][ 10]LogModuleManager: Shutting down and abandoning module TextureFormatUncompressed (145)
[2023.06.13-14.35.20:528][ 10]LogModuleManager: Shutting down and abandoning module TextureFormatPVR (143)
[2023.06.13-14.35.20:528][ 10]LogModuleManager: Shutting down and abandoning module TextureFormatDXT (141)
[2023.06.13-14.35.20:528][ 10]LogModuleManager: Shutting down and abandoning module TextureFormatIntelISPCTexComp (139)
[2023.06.13-14.35.20:528][ 10]LogModuleManager: Shutting down and abandoning module TextureFormatASTC (137)
[2023.06.13-14.35.20:528][ 10]LogModuleManager: Shutting down and abandoning module ImageWrapper (136)
[2023.06.13-14.35.20:528][ 10]LogModuleManager: Shutting down and abandoning module TextureFormatAndroid (133)
[2023.06.13-14.35.20:529][ 10]LogModuleManager: Shutting down and abandoning module AudioFormatOpus (131)
[2023.06.13-14.35.20:529][ 10]LogModuleManager: Shutting down and abandoning module AudioFormatOgg (129)
[2023.06.13-14.35.20:529][ 10]LogModuleManager: Shutting down and abandoning module AudioFormatADPCM (127)
[2023.06.13-14.35.20:529][ 10]LogModuleManager: Shutting down and abandoning module LuminTargetPlatform (125)
[2023.06.13-14.35.20:529][ 10]LogModuleManager: Shutting down and abandoning module LinuxTargetPlatform (123)
[2023.06.13-14.35.20:529][ 10]LogModuleManager: Shutting down and abandoning module LinuxServerTargetPlatform (121)
[2023.06.13-14.35.20:529][ 10]LogModuleManager: Shutting down and abandoning module LinuxNoEditorTargetPlatform (119)
[2023.06.13-14.35.20:529][ 10]LogModuleManager: Shutting down and abandoning module LinuxClientTargetPlatform (117)
[2023.06.13-14.35.20:529][ 10]LogModuleManager: Shutting down and abandoning module TVOSTargetPlatform (115)
[2023.06.13-14.35.20:530][ 10]LogModuleManager: Shutting down and abandoning module Messaging (113)
[2023.06.13-14.35.20:530][ 10]LogModuleManager: Shutting down and abandoning module IOSTargetPlatform (111)
[2023.06.13-14.35.20:530][ 10]LogModuleManager: Shutting down and abandoning module HTML5TargetPlatform (109)
[2023.06.13-14.35.20:530][ 10]LogModuleManager: Shutting down and abandoning module AndroidTargetPlatform (107)
[2023.06.13-14.35.20:534][ 10]LogModuleManager: Shutting down and abandoning module WindowsTargetPlatform (105)
[2023.06.13-14.35.20:534][ 10]LogModuleManager: Shutting down and abandoning module WindowsServerTargetPlatform (103)
[2023.06.13-14.35.20:534][ 10]LogModuleManager: Shutting down and abandoning module WindowsNoEditorTargetPlatform (101)
[2023.06.13-14.35.20:534][ 10]LogModuleManager: Shutting down and abandoning module WindowsClientTargetPlatform (99)
[2023.06.13-14.35.20:534][ 10]LogModuleManager: Shutting down and abandoning module MacTargetPlatform (97)
[2023.06.13-14.35.20:534][ 10]LogModuleManager: Shutting down and abandoning module MacServerTargetPlatform (95)
[2023.06.13-14.35.20:534][ 10]LogModuleManager: Shutting down and abandoning module MacNoEditorTargetPlatform (93)
[2023.06.13-14.35.20:534][ 10]LogModuleManager: Shutting down and abandoning module MacClientTargetPlatform (91)
[2023.06.13-14.35.20:534][ 10]LogModuleManager: Shutting down and abandoning module AllDesktopTargetPlatform (89)
[2023.06.13-14.35.20:534][ 10]LogModuleManager: Shutting down and abandoning module InputCore (86)
[2023.06.13-14.35.20:535][ 10]LogModuleManager: Shutting down and abandoning module Settings (84)
[2023.06.13-14.35.20:535][ 10]LogModuleManager: Shutting down and abandoning module PhysXCooking (82)
[2023.06.13-14.35.20:535][ 10]LogModuleManager: Shutting down and abandoning module SteamVR (80)
[2023.06.13-14.35.20:535][ 10]LogHMD: Freeing OpenVRDLLHandle.
[2023.06.13-14.35.20:535][ 10]LogModuleManager: Shutting down and abandoning module OculusHMD (78)
[2023.06.13-14.35.20:535][ 10]LogModuleManager: Shutting down and abandoning module ExampleDeviceProfileSelector (76)
[2023.06.13-14.35.20:535][ 10]LogModuleManager: Shutting down and abandoning module LauncherChunkInstaller (74)
[2023.06.13-14.35.20:535][ 10]LogModuleManager: Shutting down and abandoning module OnlineBlueprintSupport (72)
[2023.06.13-14.35.20:535][ 10]LogModuleManager: Shutting down and abandoning module OnlineSubsystem (68)
[2023.06.13-14.35.20:537][ 10]LogModuleManager: Shutting down and abandoning module XMPP (63)
[2023.06.13-14.35.20:538][ 10]LogModuleManager: Shutting down and abandoning module WebSockets (62)
[2023.06.13-14.35.20:564][ 10]LogModuleManager: Shutting down and abandoning module HTTP (59)
[2023.06.13-14.35.20:564][ 10]LogHttp: Display: Http module shutting down, but needs to wait on 1 outstanding Http requests:
[2023.06.13-14.35.20:564][ 10]LogHttp: Display: 	verb=[POST] url=[https://datarouter.ol.epicgames.com/datarouter/api/v1/public/data?SessionID=%7BACE74BE1-4A55-9A8C-BC52-919AF19B6EEE%7D&AppID=UEEditor.Rocket.Release&AppVersion=4.21.2-4753647%2B%2B%2BUE4%2BRelease-4.21&UserID=7d30d39d4d7d68f82ffae6aed2037d48%7C889ccad85cb74dc4ba0a216043414c36%7Cab2dbb81-d53d-4c1d-8e61-97c6a9afb7ee&AppEnvironment=datacollector-binary&UploadType=eteventstream] status=Processing
[2023.06.13-14.35.20:577][ 10]LogModuleManager: Shutting down and abandoning module SSL (58)
[2023.06.13-14.35.20:578][ 10]LogModuleManager: Shutting down and abandoning module MagicLeapIdentity (54)
[2023.06.13-14.35.20:578][ 10]LogModuleManager: Shutting down and abandoning module MagicLeapHelperVulkan (52)
[2023.06.13-14.35.20:578][ 10]LogModuleManager: Shutting down and abandoning module MagicLeapHelperOpenGL (50)
[2023.06.13-14.35.20:578][ 10]LogModuleManager: Shutting down and abandoning module MagicLeapSecureStorage (48)
[2023.06.13-14.35.20:578][ 10]LogModuleManager: Shutting down and abandoning module MagicLeapHandTracking (46)
[2023.06.13-14.35.20:578][ 10]LogModuleManager: Shutting down and abandoning module MagicLeapEyeTracker (44)
[2023.06.13-14.35.20:578][ 10]LogModuleManager: Shutting down and abandoning module MagicLeapController (42)
[2023.06.13-14.35.20:578][ 10]LogSlate: Slate User Destroyed.  User Index 0, Is Virtual User: 0
[2023.06.13-14.35.20:578][ 10]LogModuleManager: Shutting down and abandoning module MagicLeap (40)
[2023.06.13-14.35.20:578][ 10]LogModuleManager: Shutting down and abandoning module DatasmithContent (38)
[2023.06.13-14.35.20:579][ 10]LogModuleManager: Shutting down and abandoning module AnimationModifiers (36)
[2023.06.13-14.35.20:579][ 10]LogModuleManager: Shutting down and abandoning module PropertyEditor (35)
[2023.06.13-14.35.20:580][ 10]LogModuleManager: Shutting down and abandoning module AudioEditor (32)
[2023.06.13-14.35.20:580][ 10]LogModuleManager: Shutting down and abandoning module TextureCompressor (30)
[2023.06.13-14.35.20:580][ 10]LogModuleManager: Shutting down and abandoning module ShaderCore (28)
[2023.06.13-14.35.20:580][ 10]LogModuleManager: Shutting down and abandoning module Landscape (26)
[2023.06.13-14.35.20:580][ 10]LogModuleManager: Shutting down and abandoning module SlateRHIRenderer (24)
[2023.06.13-14.35.20:581][ 10]LogModuleManager: Shutting down and abandoning module OpenGLDrv (22)
[2023.06.13-14.35.20:581][ 10]LogModuleManager: Shutting down and abandoning module D3D11RHI (20)
[2023.06.13-14.35.20:582][ 10]LogModuleManager: Shutting down and abandoning module AnimGraphRuntime (18)
[2023.06.13-14.35.20:582][ 10]LogModuleManager: Shutting down and abandoning module Renderer (16)
[2023.06.13-14.35.20:582][ 10]LogModuleManager: Shutting down and abandoning module Engine (14)
[2023.06.13-14.35.20:582][ 10]LogModuleManager: Shutting down and abandoning module CoreUObject (12)
[2023.06.13-14.35.20:582][ 10]LogModuleManager: Shutting down and abandoning module NetworkFile (10)
[2023.06.13-14.35.20:582][ 10]LogModuleManager: Shutting down and abandoning module CookedIterativeFile (8)
[2023.06.13-14.35.20:582][ 10]LogModuleManager: Shutting down and abandoning module StreamingFile (6)
[2023.06.13-14.35.20:582][ 10]LogModuleManager: Shutting down and abandoning module SandboxFile (4)
[2023.06.13-14.35.20:582][ 10]LogModuleManager: Shutting down and abandoning module PakFile (2)
[2023.06.13-14.35.20:593][ 10]LogExit: Exiting.
[2023.06.13-14.35.20:604][ 10]Log file closed, 06/13/23 17:35:20
